TN:
SF:src\common\decorators\current-user.decorator.ts
FN:4,(anonymous_0)
FNF:1
FNH:0
FNDA:0,(anonymous_0)
DA:1,0
DA:4,0
DA:5,0
DA:6,0
LF:4
LH:0
BRF:0
BRH:0
end_of_record
TN:
SF:src\common\decorators\public.decorator.ts
FN:4,(anonymous_0)
FNF:1
FNH:0
FNDA:0,(anonymous_0)
DA:1,0
DA:3,0
DA:4,0
LF:3
LH:0
BRF:0
BRH:0
end_of_record
TN:
SF:src\common\decorators\roles.decorator.ts
FN:5,(anonymous_0)
FNF:1
FNH:0
FNDA:0,(anonymous_0)
DA:1,0
DA:4,0
DA:5,0
LF:3
LH:0
BRF:0
BRH:0
end_of_record
TN:
SF:src\common\filters\http-exception.filter.ts
FN:15,buildErrorMessage
FN:39,buildStatusCode
FN:51,buildErrorCode
FN:72,(anonymous_4)
FNF:4
FNH:0
FNDA:0,buildErrorMessage
FNDA:0,buildStatusCode
FNDA:0,buildErrorCode
FNDA:0,(anonymous_4)
DA:1,0
DA:2,0
DA:16,0
DA:17,0
DA:18,0
DA:19,0
DA:22,0
DA:23,0
DA:24,0
DA:28,0
DA:29,0
DA:32,0
DA:33,0
DA:36,0
DA:40,0
DA:41,0
DA:44,0
DA:45,0
DA:48,0
DA:52,0
DA:65,0
DA:69,0
DA:70,0
DA:73,0
DA:74,0
DA:75,0
DA:76,0
DA:77,0
DA:78,0
DA:80,0
DA:81,0
DA:86,0
DA:87,0
DA:90,0
LF:34
LH:0
BRDA:16,0,0,0
BRDA:18,1,0,0
BRDA:22,2,0,0
BRDA:22,3,0,0
BRDA:22,3,1,0
BRDA:22,3,2,0
BRDA:24,4,0,0
BRDA:24,4,1,0
BRDA:28,5,0,0
BRDA:32,6,0,0
BRDA:40,7,0,0
BRDA:44,8,0,0
BRDA:44,9,0,0
BRDA:44,9,1,0
BRDA:65,10,0,0
BRDA:65,10,1,0
BRDA:80,11,0,0
BRDA:80,11,1,0
BRDA:83,12,0,0
BRDA:83,12,1,0
BRDA:86,13,0,0
BRDA:87,14,0,0
BRDA:87,14,1,0
BRF:23
BRH:0
end_of_record
TN:
SF:src\common\guards\jwt-auth.guard.ts
FN:9,extractBearerToken
FN:24,assertAuthenticatedUser
FN:57,actorLookup
FN:66,(anonymous_6)
FN:71,(anonymous_7)
FNF:5
FNH:0
FNDA:0,extractBearerToken
FNDA:0,assertAuthenticatedUser
FNDA:0,actorLookup
FNDA:0,(anonymous_6)
FNDA:0,(anonymous_7)
DA:1,0
DA:2,0
DA:3,0
DA:4,0
DA:5,0
DA:6,0
DA:10,0
DA:12,0
DA:13,0
DA:16,0
DA:17,0
DA:18,0
DA:21,0
DA:25,0
DA:26,0
DA:29,0
DA:30,0
DA:31,0
DA:34,0
DA:58,0
DA:59,0
DA:60,0
DA:61,0
DA:65,0
DA:67,0
DA:68,0
DA:72,0
DA:73,0
DA:74,0
DA:77,0
DA:78,0
DA:81,0
DA:82,0
DA:85,0
DA:87,0
DA:90,0
DA:91,0
DA:92,0
DA:93,0
DA:94,0
DA:95,0
DA:100,0
DA:101,0
LF:43
LH:0
BRDA:10,0,0,0
BRDA:10,0,1,0
BRDA:12,1,0,0
BRDA:17,2,0,0
BRDA:17,3,0,0
BRDA:17,3,1,0
BRDA:25,4,0,0
BRDA:30,5,0,0
BRDA:30,6,0,0
BRDA:30,6,1,0
BRDA:37,7,0,0
BRDA:37,7,1,0
BRDA:38,8,0,0
BRDA:38,8,1,0
BRDA:39,9,0,0
BRDA:39,9,1,0
BRDA:40,10,0,0
BRDA:40,10,1,0
BRDA:41,11,0,0
BRDA:41,11,1,0
BRDA:58,12,0,0
BRDA:59,13,0,0
BRDA:60,14,0,0
BRDA:73,15,0,0
BRDA:90,16,0,0
BRDA:92,17,0,0
BRDA:94,18,0,0
BRDA:94,19,0,0
BRDA:94,19,1,0
BRDA:67,20,0,0
BRDA:67,20,1,0
BRDA:67,21,0,0
BRDA:67,21,1,0
BRDA:67,22,0,0
BRDA:67,22,1,0
BRDA:67,23,0,0
BRDA:67,23,1,0
BRF:37
BRH:0
end_of_record
TN:
SF:src\common\guards\roles.guard.ts
FN:8,(anonymous_2)
FN:10,(anonymous_3)
FNF:2
FNH:0
FNDA:0,(anonymous_2)
FNDA:0,(anonymous_3)
DA:1,0
DA:2,0
DA:3,0
DA:7,0
DA:8,0
DA:11,0
DA:13,0
DA:14,0
DA:17,0
DA:18,0
DA:20,0
DA:21,0
DA:24,0
LF:13
LH:0
BRDA:13,0,0,0
BRDA:13,1,0,0
BRDA:13,1,1,0
BRDA:20,2,0,0
BRDA:20,3,0,0
BRDA:20,3,1,0
BRDA:8,4,0,0
BRDA:8,4,1,0
BRDA:8,5,0,0
BRDA:8,5,1,0
BRF:10
BRH:0
end_of_record
TN:
SF:src\common\interceptors\http-action-log.interceptor.ts
FN:21,firstHeader
FN:25,cleanPath
FN:29,actionCode
FN:37,targetId
FN:51,clientIp
FN:57,(anonymous_7)
FN:59,(anonymous_8)
FN:65,(anonymous_9)
FN:90,(anonymous_10)
FN:90,(anonymous_11)
FN:91,(anonymous_12)
FN:99,(anonymous_13)
FN:100,(anonymous_14)
FN:100,(anonymous_15)
FNF:14
FNH:0
FNDA:0,firstHeader
FNDA:0,cleanPath
FNDA:0,actionCode
FNDA:0,targetId
FNDA:0,clientIp
FNDA:0,(anonymous_7)
FNDA:0,(anonymous_8)
FNDA:0,(anonymous_9)
FNDA:0,(anonymous_10)
FNDA:0,(anonymous_11)
FNDA:0,(anonymous_12)
FNDA:0,(anonymous_13)
FNDA:0,(anonymous_14)
FNDA:0,(anonymous_15)
DA:1,0
DA:2,0
DA:4,0
DA:22,0
DA:26,0
DA:30,0
DA:34,0
DA:38,0
DA:52,0
DA:56,0
DA:57,0
DA:60,0
DA:61,0
DA:62,0
DA:63,0
DA:65,0
DA:66,0
DA:89,0
DA:90,0
DA:93,0
DA:98,0
DA:99,0
DA:100,0
LF:23
LH:0
BRDA:22,0,0,0
BRDA:22,0,1,0
BRDA:22,1,0,0
BRDA:22,1,1,0
BRDA:22,2,0,0
BRDA:22,2,1,0
BRDA:26,3,0,0
BRDA:26,3,1,0
BRDA:34,4,0,0
BRDA:34,4,1,0
BRDA:39,5,0,0
BRDA:39,5,1,0
BRDA:39,5,2,0
BRDA:39,5,3,0
BRDA:39,5,4,0
BRDA:39,5,5,0
BRDA:39,5,6,0
BRDA:39,5,7,0
BRDA:39,5,8,0
BRDA:52,6,0,0
BRDA:52,6,1,0
BRDA:52,6,2,0
BRDA:63,7,0,0
BRDA:63,7,1,0
BRDA:63,7,2,0
BRDA:63,7,3,0
BRDA:67,8,0,0
BRDA:67,8,1,0
BRDA:68,9,0,0
BRDA:68,9,1,0
BRDA:69,10,0,0
BRDA:69,10,1,0
BRDA:70,11,0,0
BRDA:70,11,1,0
BRDA:84,12,0,0
BRDA:84,12,1,0
BRDA:85,13,0,0
BRDA:85,13,1,0
BRDA:90,14,0,0
BRDA:90,14,1,0
BRDA:93,15,0,0
BRDA:93,15,1,0
BRDA:95,16,0,0
BRDA:95,16,1,0
BRDA:95,17,0,0
BRDA:95,17,1,0
BRDA:98,18,0,0
BRDA:98,18,1,0
BRDA:57,19,0,0
BRDA:57,19,1,0
BRDA:57,20,0,0
BRDA:57,20,1,0
BRF:52
BRH:0
end_of_record
TN:
SF:src\common\interceptors\response.interceptor.ts
FN:16,(anonymous_1)
FN:19,(anonymous_2)
FNF:2
FNH:0
FNDA:0,(anonymous_1)
FNDA:0,(anonymous_2)
DA:1,0
DA:2,0
DA:15,0
DA:17,0
DA:18,0
DA:19,0
LF:6
LH:0
BRF:0
BRH:0
end_of_record
TN:
SF:src\common\middleware\correlation-id.middleware.ts
FN:15,(anonymous_1)
FNF:1
FNH:0
FNDA:0,(anonymous_1)
DA:1,0
DA:2,0
DA:14,0
DA:16,0
DA:17,0
DA:18,0
DA:19,0
DA:20,0
LF:8
LH:0
BRDA:17,0,0,0
BRDA:17,0,1,0
BRDA:17,1,0,0
BRDA:17,1,1,0
BRF:4
BRH:0
end_of_record
TN:
SF:src\common\pipes\zod-validation.pipe.ts
FN:9,formatZodError
FN:10,(anonymous_3)
FN:18,(anonymous_4)
FN:20,(anonymous_5)
FNF:4
FNH:0
FNDA:0,formatZodError
FNDA:0,(anonymous_3)
FNDA:0,(anonymous_4)
FNDA:0,(anonymous_5)
DA:1,0
DA:2,0
DA:10,0
DA:17,0
DA:18,0
DA:21,0
DA:23,0
DA:24,0
DA:30,0
LF:9
LH:0
BRDA:11,0,0,0
BRDA:11,0,1,0
BRDA:23,1,0,0
BRDA:18,2,0,0
BRDA:18,2,1,0
BRDA:18,3,0,0
BRDA:18,3,1,0
BRF:7
BRH:0
end_of_record
TN:
SF:src\common\services\token-revocation.service.ts
FN:25,(anonymous_4)
FN:27,(anonymous_5)
FN:35,(anonymous_6)
FNF:3
FNH:0
FNDA:0,(anonymous_4)
FNDA:0,(anonymous_5)
FNDA:0,(anonymous_6)
DA:1,0
DA:2,0
DA:3,0
DA:24,0
DA:25,0
DA:28,0
DA:32,0
DA:36,0
DA:37,0
DA:38,0
DA:40,0
DA:41,0
DA:42,0
LF:13
LH:0
BRDA:32,0,0,0
BRDA:32,0,1,0
BRDA:37,1,0,0
BRF:3
BRH:0
end_of_record
TN:
SF:src\common\throttler\redis-throttler-storage.ts
FN:44,(anonymous_4)
FN:46,(anonymous_5)
FN:50,(anonymous_6)
FNF:3
FNH:0
FNDA:0,(anonymous_4)
FNDA:0,(anonymous_5)
FNDA:0,(anonymous_6)
DA:1,0
DA:4,0
DA:41,0
DA:42,0
DA:44,0
DA:47,0
DA:51,0
DA:55,0
DA:56,0
DA:59,0
DA:60,0
DA:62,0
DA:63,0
DA:64,0
DA:67,0
DA:68,0
DA:69,0
DA:71,0
DA:72,0
DA:74,0
DA:75,0
DA:76,0
DA:77,0
DA:80,0
LF:24
LH:0
BRDA:51,0,0,0
BRDA:63,1,0,0
BRDA:68,2,0,0
BRDA:72,3,0,0
BRDA:72,3,1,0
BRDA:74,4,0,0
BRDA:75,5,0,0
BRDA:75,5,1,0
BRF:8
BRH:0
end_of_record
TN:
SF:src\common\utils\auth\ownership.util.ts
FN:18,assertOwnCustomerResource
FN:30,assertIsOwningCustomer
FNF:2
FNH:2
FNDA:7,assertOwnCustomerResource
FNDA:3,assertIsOwningCustomer
DA:1,1
DA:18,1
DA:19,7
DA:20,1
DA:30,1
DA:31,3
DA:32,2
LF:7
LH:7
BRDA:19,0,0,1
BRDA:19,1,0,7
BRDA:19,1,1,2
BRDA:31,2,0,2
BRDA:31,3,0,3
BRDA:31,3,1,2
BRF:6
BRH:6
end_of_record
TN:
SF:src\common\utils\crypto\envelope-encryption.util.ts
FN:27,encryptSecretEnvelope
FN:45,decryptSecretEnvelope
FN:75,registerDataKeyProvider
FNF:3
FNH:2
FNDA:3,encryptSecretEnvelope
FNDA:4,decryptSecretEnvelope
FNDA:0,registerDataKeyProvider
DA:1,1
DA:3,1
DA:4,1
DA:24,1
DA:25,1
DA:27,1
DA:28,3
DA:29,3
DA:30,3
DA:31,3
DA:32,3
DA:34,3
DA:45,1
DA:46,4
DA:49,3
DA:50,1
DA:53,2
DA:54,2
DA:55,2
DA:56,1
DA:59,1
DA:60,1
DA:62,1
DA:63,1
DA:64,1
DA:65,1
DA:67,0
DA:75,1
DA:76,0
LF:29
LH:27
BRDA:27,0,0,3
BRDA:46,1,0,1
BRDA:49,2,0,1
BRDA:55,3,0,1
BRDA:55,4,0,2
BRDA:55,4,1,1
BRDA:55,4,2,1
BRDA:55,4,3,1
BRDA:55,4,4,1
BRDA:55,4,5,1
BRDA:55,4,6,1
BRDA:60,5,0,0
BRF:12
BRH:11
end_of_record
TN:
SF:src\common\utils\crypto\hash.util.ts
FN:7,normalizeSensitiveText
FN:14,sha256Hex
FN:18,hashSensitiveText
FN:22,createStableCode
FN:32,lastCharacters
FNF:5
FNH:5
FNDA:12,normalizeSensitiveText
FNDA:14,sha256Hex
FNDA:10,hashSensitiveText
FNDA:2,createStableCode
FNDA:2,lastCharacters
DA:1,4
DA:7,4
DA:8,12
DA:14,4
DA:15,14
DA:18,4
DA:19,10
DA:22,4
DA:24,2
DA:29,2
DA:32,4
DA:33,2
DA:34,2
LF:13
LH:13
BRDA:24,0,0,2
BRDA:24,0,1,0
BRF:2
BRH:1
end_of_record
TN:
SF:src\common\utils\crypto\kms-key-provider.ts
FN:47,(anonymous_0)
FN:53,(anonymous_1)
FNF:2
FNH:0
FNDA:0,(anonymous_0)
FNDA:0,(anonymous_1)
DA:44,0
DA:45,0
DA:48,0
DA:54,0
LF:4
LH:0
BRF:0
BRH:0
end_of_record
TN:
SF:src\common\utils\crypto\local-key-provider.ts
FN:5,deriveMasterKey
FN:25,(anonymous_1)
FN:36,(anonymous_2)
FNF:3
FNH:3
FNDA:4,deriveMasterKey
FNDA:3,(anonymous_1)
FNDA:1,(anonymous_2)
DA:1,1
DA:2,1
DA:6,4
DA:7,4
DA:22,1
DA:23,1
DA:26,3
DA:27,3
DA:28,3
DA:29,3
DA:30,3
DA:31,3
DA:32,3
DA:33,3
DA:37,1
DA:38,0
DA:40,1
DA:41,1
DA:42,0
DA:44,1
DA:45,1
DA:46,1
DA:47,1
LF:23
LH:21
BRDA:6,0,0,4
BRDA:6,0,1,0
BRDA:37,1,0,0
BRDA:41,2,0,0
BRDA:41,3,0,1
BRDA:41,3,1,1
BRDA:41,3,2,1
BRF:7
BRH:4
end_of_record
TN:
SF:src\common\utils\crypto\password.util.ts
FN:25,hashPassword
FN:29,verifyPassword
FN:41,isPasswordStrongEnough
FNF:3
FNH:3
FNDA:3,hashPassword
FNDA:3,verifyPassword
FNDA:3,isPasswordStrongEnough
DA:1,2
DA:18,2
DA:25,2
DA:26,3
DA:29,2
DA:30,3
DA:31,3
DA:35,1
DA:39,2
DA:41,2
DA:42,3
DA:43,2
DA:44,2
DA:45,2
LF:14
LH:14
BRDA:42,0,0,1
BRDA:45,1,0,2
BRDA:45,1,1,2
BRF:3
BRH:3
end_of_record
TN:
SF:src\common\utils\crypto\refresh-token.util.ts
FN:8,generateRefreshToken
FN:12,hashRefreshToken
FNF:2
FNH:2
FNDA:6,generateRefreshToken
FNDA:5,hashRefreshToken
DA:1,1
DA:8,1
DA:9,6
DA:12,1
DA:13,5
LF:5
LH:5
BRF:0
BRH:0
end_of_record
TN:
SF:src\common\utils\crypto\secret-box.util.ts
FN:4,key
FN:9,encryptSecret
FN:17,decryptSecret
FNF:3
FNH:3
FNDA:2,key
FNDA:1,encryptSecret
FNDA:1,decryptSecret
DA:1,2
DA:2,2
DA:5,2
DA:6,2
DA:9,2
DA:10,1
DA:11,1
DA:12,1
DA:13,1
DA:14,1
DA:17,2
DA:18,1
DA:19,1
DA:20,1
DA:21,1
DA:22,1
DA:23,1
DA:24,1
DA:26,0
LF:19
LH:18
BRDA:5,0,0,2
BRDA:5,0,1,0
BRDA:18,1,0,0
BRDA:21,2,0,0
BRDA:21,3,0,1
BRDA:21,3,1,1
BRDA:21,3,2,1
BRDA:21,3,3,1
BRF:8
BRH:5
end_of_record
TN:
SF:src\common\utils\ids\id.util.ts
FN:5,parsePositiveId
FN:12,parseOptionalPositiveId
FNF:2
FNH:0
FNDA:0,parsePositiveId
FNDA:0,parseOptionalPositiveId
DA:1,0
DA:3,0
DA:5,0
DA:6,0
DA:7,0
DA:9,0
DA:12,0
DA:13,0
DA:14,0
DA:17,0
LF:10
LH:0
BRDA:6,0,0,0
BRDA:13,1,0,0
BRDA:13,2,0,0
BRDA:13,2,1,0
BRF:4
BRH:0
end_of_record
TN:
SF:src\common\utils\pagination\cursor-pagination.util.ts
FN:28,encodeCursor
FN:32,decodeCursor
FN:48,paginateWithCursor
FNF:3
FNH:0
FNDA:0,encodeCursor
FNDA:0,decodeCursor
FNDA:0,paginateWithCursor
DA:28,0
DA:29,0
DA:32,0
DA:33,0
DA:34,0
DA:35,0
DA:36,0
DA:37,0
DA:39,0
DA:48,0
DA:49,0
DA:50,0
DA:51,0
DA:52,0
DA:53,0
LF:15
LH:0
BRDA:33,0,0,0
BRDA:36,1,0,0
BRDA:36,2,0,0
BRDA:36,2,1,0
BRDA:50,3,0,0
BRDA:50,3,1,0
BRDA:52,4,0,0
BRDA:52,4,1,0
BRDA:52,5,0,0
BRDA:52,5,1,0
BRF:10
BRH:0
end_of_record
TN:
SF:src\common\utils\pagination\pagination.util.ts
FN:13,toOffset
FN:17,buildPaginationMeta
FNF:2
FNH:0
FNDA:0,toOffset
FNDA:0,buildPaginationMeta
DA:13,1
DA:14,0
DA:17,1
DA:18,0
LF:4
LH:2
BRF:0
BRH:0
end_of_record
TN:
SF:src\common\utils\privacy\redaction.util.ts
FN:4,stableStringify
FN:8,sortValue
FN:10,(anonymous_2)
FN:17,(anonymous_3)
FN:26,redactSensitiveObject
FN:29,(anonymous_5)
FNF:6
FNH:4
FNDA:6,stableStringify
FNDA:16,sortValue
FNDA:0,(anonymous_2)
FNDA:10,(anonymous_3)
FNDA:12,redactSensitiveObject
FNDA:0,(anonymous_5)
DA:2,2
DA:4,2
DA:5,6
DA:8,2
DA:9,16
DA:10,0
DA:13,16
DA:14,6
DA:15,6
DA:18,10
DA:19,10
DA:23,10
DA:26,2
DA:27,12
DA:28,12
DA:29,0
DA:31,12
DA:32,6
DA:33,6
DA:34,6
DA:35,11
DA:37,6
DA:39,6
LF:23
LH:21
BRDA:9,0,0,0
BRDA:13,1,0,6
BRDA:13,2,0,16
BRDA:13,2,1,16
BRDA:13,2,2,6
BRDA:26,3,0,5
BRDA:27,4,0,0
BRDA:28,5,0,0
BRDA:31,6,0,6
BRDA:31,7,0,12
BRDA:31,7,1,12
BRDA:31,7,2,6
BRDA:35,8,0,4
BRDA:35,8,1,7
BRF:14
BRH:11
end_of_record
TN:
SF:src\config\database.config.ts
FN:4,buildSequelizeOptions
FNF:1
FNH:0
FNDA:0,buildSequelizeOptions
DA:2,0
DA:4,0
DA:5,0
LF:3
LH:0
BRDA:15,0,0,0
BRDA:15,0,1,0
BRDA:16,1,0,0
BRDA:16,1,1,0
BRF:4
BRH:0
end_of_record
TN:
SF:src\config\env.ts
FN:7,(anonymous_0)
FN:13,(anonymous_1)
FN:33,(anonymous_2)
FN:116,(anonymous_3)
FN:117,requireWhen
FN:124,requireWebhook
FN:268,parseEnv
FN:271,(anonymous_7)
FN:287,getAllowedCorsOrigins
FN:289,(anonymous_9)
FN:290,(anonymous_10)
FNF:11
FNH:7
FNDA:21,(anonymous_0)
FNDA:3,(anonymous_1)
FNDA:3,(anonymous_2)
FNDA:3,(anonymous_3)
FNDA:51,requireWhen
FNDA:15,requireWebhook
FNDA:3,parseEnv
FNDA:0,(anonymous_7)
FNDA:0,getAllowedCorsOrigins
FNDA:0,(anonymous_9)
FNDA:0,(anonymous_10)
DA:1,3
DA:2,3
DA:4,3
DA:5,3
DA:7,3
DA:8,21
DA:9,18
DA:12,3
DA:14,3
DA:15,0
DA:18,3
DA:20,3
DA:21,0
DA:24,3
DA:25,3
DA:28,0
DA:32,3
DA:34,3
DA:35,0
DA:36,0
DA:37,0
DA:38,0
DA:42,3
DA:118,51
DA:119,51
DA:120,0
DA:125,15
DA:126,15
DA:127,0
DA:135,3
DA:136,0
DA:143,3
DA:144,0
DA:145,0
DA:151,0
DA:152,0
DA:160,3
DA:161,0
DA:169,3
DA:174,3
DA:179,3
DA:184,3
DA:189,3
DA:194,3
DA:199,3
DA:204,3
DA:210,3
DA:215,3
DA:220,3
DA:226,3
DA:231,3
DA:236,3
DA:241,3
DA:247,3
DA:252,3
DA:258,3
DA:259,3
DA:260,3
DA:261,3
DA:262,3
DA:269,3
DA:270,3
DA:271,0
DA:272,0
DA:279,3
DA:285,3
DA:287,3
DA:288,0
DA:289,0
DA:290,0
LF:70
LH:50
BRDA:8,0,0,3
BRDA:8,1,0,21
BRDA:8,1,1,3
BRDA:14,2,0,0
BRDA:20,3,0,0
BRDA:24,4,0,3
BRDA:34,5,0,3
BRDA:36,6,0,0
BRDA:37,7,0,0
BRDA:119,8,0,0
BRDA:119,9,0,51
BRDA:119,9,1,0
BRDA:119,9,2,0
BRDA:126,10,0,0
BRDA:126,11,0,15
BRDA:126,11,1,0
BRDA:126,11,2,0
BRDA:135,12,0,0
BRDA:135,13,0,3
BRDA:135,13,1,0
BRDA:143,14,0,0
BRDA:144,15,0,0
BRDA:151,16,0,0
BRDA:160,17,0,0
BRDA:160,18,0,3
BRDA:160,18,1,0
BRDA:227,19,0,3
BRDA:227,19,1,3
BRDA:232,20,0,3
BRDA:232,20,1,3
BRDA:270,21,0,0
BRDA:271,22,0,0
BRDA:271,22,1,0
BRDA:281,23,0,3
BRDA:281,23,1,3
BRF:35
BRH:15
end_of_record
TN:
SF:src\config\swagger.ts
FN:22,buildOpenApiDocument
FNF:1
FNH:0
FNDA:0,buildOpenApiDocument
DA:2,0
DA:22,0
DA:23,0
DA:36,0
LF:4
LH:0
BRF:0
BRH:0
end_of_record
TN:
SF:src\database\migrate.ts
FN:15,run
FN:43,(anonymous_1)
FNF:2
FNH:0
FNDA:0,run
FNDA:0,(anonymous_1)
DA:1,0
DA:2,0
DA:4,0
DA:6,0
DA:16,0
DA:18,0
DA:19,0
DA:20,0
DA:21,0
DA:24,0
DA:25,0
DA:26,0
DA:29,0
DA:30,0
DA:31,0
DA:33,0
DA:34,0
DA:37,0
DA:39,0
DA:43,0
DA:44,0
DA:45,0
LF:22
LH:0
BRDA:19,0,0,0
BRDA:24,1,0,0
BRDA:29,2,0,0
BRDA:37,3,0,0
BRDA:37,3,1,0
BRF:5
BRH:0
end_of_record
TN:
SF:src\database\seed.ts
FN:18,run
FN:46,(anonymous_1)
FNF:2
FNH:0
FNDA:0,run
FNDA:0,(anonymous_1)
DA:1,0
DA:2,0
DA:4,0
DA:6,0
DA:19,0
DA:21,0
DA:22,0
DA:23,0
DA:24,0
DA:27,0
DA:28,0
DA:29,0
DA:32,0
DA:33,0
DA:34,0
DA:36,0
DA:37,0
DA:40,0
DA:42,0
DA:46,0
DA:47,0
DA:48,0
LF:22
LH:0
BRDA:22,0,0,0
BRDA:27,1,0,0
BRDA:32,2,0,0
BRDA:40,3,0,0
BRDA:40,3,1,0
BRF:5
BRH:0
end_of_record
TN:
SF:src\database\sequelize.ts
FN:9,createSequelizeInstance
FNF:1
FNH:0
FNDA:0,createSequelizeInstance
DA:1,0
DA:2,0
DA:9,0
DA:10,0
DA:12,0
LF:5
LH:0
BRF:0
BRH:0
end_of_record
TN:
SF:src\database\models\address-gps-observations.model.ts
FNF:0
FNH:0
DA:1,3
DA:4,3
DA:6,3
DA:9,3
DA:12,3
DA:15,3
DA:18,3
DA:21,3
DA:24,3
DA:27,3
DA:30,3
DA:33,3
DA:36,3
DA:39,3
DA:42,3
LF:15
LH:15
BRDA:42,0,0,3
BRDA:42,0,1,0
BRDA:42,1,0,3
BRDA:42,1,1,3
BRF:4
BRH:3
end_of_record
TN:
SF:src\database\models\attribute-definitions.model.ts
FNF:0
FNH:0
DA:1,3
DA:4,3
DA:6,3
DA:9,3
DA:12,3
DA:15,3
DA:18,3
DA:21,3
DA:24,3
DA:27,3
DA:30,3
DA:33,3
DA:36,3
DA:39,3
DA:42,3
DA:45,3
DA:48,3
DA:51,3
DA:54,3
DA:57,3
DA:60,3
DA:63,3
DA:66,3
DA:69,3
LF:24
LH:24
BRDA:66,0,0,3
BRDA:66,0,1,0
BRDA:66,1,0,3
BRDA:66,1,1,3
BRF:4
BRH:3
end_of_record
TN:
SF:src\database\models\auth-credentials.model.ts
FNF:0
FNH:0
DA:1,3
DA:4,3
DA:6,3
DA:9,3
DA:12,3
DA:15,3
DA:18,3
DA:21,3
DA:24,3
DA:27,3
DA:30,3
DA:33,3
DA:36,3
DA:39,3
DA:42,3
LF:15
LH:15
BRDA:36,0,0,3
BRDA:36,0,1,0
BRDA:36,1,0,3
BRDA:36,1,1,3
BRF:4
BRH:3
end_of_record
TN:
SF:src\database\models\auth-events.model.ts
FNF:0
FNH:0
DA:1,3
DA:4,3
DA:6,3
DA:9,3
DA:12,3
DA:15,3
DA:18,3
DA:21,3
DA:24,3
DA:27,3
DA:30,3
DA:33,3
DA:36,3
LF:13
LH:13
BRDA:36,0,0,3
BRDA:36,0,1,0
BRDA:36,1,0,3
BRDA:36,1,1,3
BRF:4
BRH:3
end_of_record
TN:
SF:src\database\models\auth-refresh-tokens.model.ts
FNF:0
FNH:0
DA:1,3
DA:4,3
DA:6,3
DA:9,3
DA:12,3
DA:15,3
DA:18,3
DA:21,3
DA:24,3
DA:27,3
DA:30,3
DA:33,3
DA:36,3
DA:39,3
DA:42,3
LF:15
LH:15
BRDA:21,0,0,3
BRDA:21,0,1,0
BRDA:21,1,0,3
BRDA:21,1,1,3
BRDA:24,2,0,3
BRDA:24,2,1,0
BRDA:24,3,0,3
BRDA:24,3,1,3
BRDA:42,4,0,3
BRDA:42,4,1,0
BRDA:42,5,0,3
BRDA:42,5,1,3
BRF:12
BRH:9
end_of_record
TN:
SF:src\database\models\consent-document.model.ts
FNF:0
FNH:0
DA:1,0
DA:4,0
DA:6,0
DA:9,0
DA:12,0
DA:15,0
DA:18,0
DA:21,0
DA:24,0
DA:27,0
DA:30,0
DA:33,0
DA:36,0
DA:39,0
DA:42,0
DA:45,0
DA:48,0
LF:17
LH:0
BRDA:45,0,0,0
BRDA:45,0,1,0
BRDA:45,1,0,0
BRDA:45,1,1,0
BRF:4
BRH:0
end_of_record
TN:
SF:src\database\models\consent-documents.model.ts
FNF:0
FNH:0
DA:1,3
DA:4,3
DA:6,3
DA:9,3
DA:12,3
DA:15,3
DA:18,3
DA:21,3
DA:24,3
DA:27,3
DA:30,3
DA:33,3
DA:36,3
DA:39,3
DA:42,3
DA:45,3
DA:48,3
LF:17
LH:17
BRDA:45,0,0,3
BRDA:45,0,1,0
BRDA:45,1,0,3
BRDA:45,1,1,3
BRF:4
BRH:3
end_of_record
TN:
SF:src\database\models\consent-event.model.ts
FNF:0
FNH:0
DA:1,0
DA:4,0
DA:6,0
DA:9,0
DA:12,0
DA:15,0
DA:18,0
DA:21,0
DA:24,0
DA:27,0
DA:30,0
DA:33,0
DA:36,0
DA:39,0
DA:42,0
LF:15
LH:0
BRDA:42,0,0,0
BRDA:42,0,1,0
BRDA:42,1,0,0
BRDA:42,1,1,0
BRF:4
BRH:0
end_of_record
TN:
SF:src\database\models\consent-events.model.ts
FNF:0
FNH:0
DA:1,3
DA:4,3
DA:6,3
DA:9,3
DA:12,3
DA:15,3
DA:18,3
DA:21,3
DA:24,3
DA:27,3
DA:30,3
DA:33,3
DA:36,3
DA:39,3
DA:42,3
LF:15
LH:15
BRDA:42,0,0,3
BRDA:42,0,1,0
BRDA:42,1,0,3
BRDA:42,1,1,3
BRF:4
BRH:3
end_of_record
TN:
SF:src\database\models\contact-verification-attempts.model.ts
FNF:0
FNH:0
DA:1,3
DA:4,3
DA:6,3
DA:9,3
DA:12,3
DA:15,3
DA:18,3
DA:21,3
DA:24,3
DA:27,3
DA:30,3
DA:33,3
DA:36,3
LF:13
LH:13
BRDA:36,0,0,3
BRDA:36,0,1,0
BRDA:36,1,0,3
BRDA:36,1,1,3
BRF:4
BRH:3
end_of_record
TN:
SF:src\database\models\context-approval-events.model.ts
FNF:0
FNH:0
DA:1,3
DA:4,3
DA:6,3
DA:9,3
DA:12,3
DA:15,3
DA:18,3
DA:21,3
DA:24,3
DA:27,3
LF:10
LH:10
BRDA:27,0,0,3
BRDA:27,0,1,0
BRDA:27,1,0,3
BRDA:27,1,1,3
BRF:4
BRH:3
end_of_record
TN:
SF:src\database\models\context-catalog-versions.model.ts
FNF:0
FNH:0
DA:1,3
DA:4,3
DA:6,3
DA:9,3
DA:12,3
DA:15,3
DA:18,3
DA:21,3
DA:24,3
DA:27,3
DA:30,3
DA:33,3
DA:36,3
DA:39,3
DA:42,3
LF:15
LH:15
BRDA:42,0,0,3
BRDA:42,0,1,0
BRDA:42,1,0,3
BRDA:42,1,1,3
BRF:4
BRH:3
end_of_record
TN:
SF:src\database\models\context-catalogs.model.ts
FNF:0
FNH:0
DA:1,3
DA:4,3
DA:6,3
DA:9,3
DA:12,3
DA:15,3
DA:18,3
DA:21,3
DA:24,3
DA:27,3
DA:30,3
LF:11
LH:11
BRDA:27,0,0,3
BRDA:27,0,1,0
BRDA:27,1,0,3
BRDA:27,1,1,3
BRF:4
BRH:3
end_of_record
TN:
SF:src\database\models\context-ingestion-jobs.model.ts
FNF:0
FNH:0
DA:1,3
DA:4,3
DA:6,3
DA:9,3
DA:12,3
DA:15,3
DA:18,3
DA:21,3
DA:24,3
DA:27,3
DA:30,3
DA:33,3
DA:36,3
LF:13
LH:13
BRDA:36,0,0,3
BRDA:36,0,1,0
BRDA:36,1,0,3
BRDA:36,1,1,3
BRF:4
BRH:3
end_of_record
TN:
SF:src\database\models\context-item-aliases.model.ts
FNF:0
FNH:0
DA:1,3
DA:4,3
DA:6,3
DA:9,3
DA:12,3
DA:15,3
DA:18,3
DA:21,3
DA:24,3
LF:9
LH:9
BRDA:24,0,0,3
BRDA:24,0,1,0
BRDA:24,1,0,3
BRDA:24,1,1,3
BRF:4
BRH:3
end_of_record
TN:
SF:src\database\models\context-items.model.ts
FNF:0
FNH:0
DA:1,3
DA:4,3
DA:6,3
DA:9,3
DA:12,3
DA:15,3
DA:18,3
DA:21,3
DA:24,3
DA:27,3
DA:30,3
DA:33,3
DA:36,3
LF:13
LH:13
BRDA:33,0,0,3
BRDA:33,0,1,0
BRDA:33,1,0,3
BRDA:33,1,1,3
BRF:4
BRH:3
end_of_record
TN:
SF:src\database\models\context-risk-mappings.model.ts
FNF:0
FNH:0
DA:1,3
DA:4,3
DA:6,3
DA:9,3
DA:12,3
DA:15,3
DA:18,3
DA:21,3
DA:24,3
DA:27,3
DA:30,3
DA:33,3
DA:36,3
LF:13
LH:13
BRDA:36,0,0,3
BRDA:36,0,1,0
BRDA:36,1,0,3
BRDA:36,1,1,3
BRF:4
BRH:3
end_of_record
TN:
SF:src\database\models\context-sources.model.ts
FNF:0
FNH:0
DA:1,3
DA:4,3
DA:6,3
DA:9,3
DA:12,3
DA:15,3
DA:18,3
DA:21,3
DA:24,3
DA:27,3
DA:30,3
DA:33,3
LF:12
LH:12
BRDA:30,0,0,3
BRDA:30,0,1,0
BRDA:30,1,0,3
BRDA:30,1,1,3
BRF:4
BRH:3
end_of_record
TN:
SF:src\database\models\context-staging-items.model.ts
FNF:0
FNH:0
DA:1,3
DA:4,3
DA:6,3
DA:9,3
DA:12,3
DA:15,3
DA:18,3
DA:21,3
DA:24,3
DA:27,3
DA:30,3
DA:33,3
DA:36,3
DA:39,3
DA:42,3
LF:15
LH:15
BRDA:39,0,0,3
BRDA:39,0,1,0
BRDA:39,1,0,3
BRDA:39,1,1,3
BRF:4
BRH:3
end_of_record
TN:
SF:src\database\models\customer-action-logs.model.ts
FNF:0
FNH:0
DA:1,3
DA:4,3
DA:6,3
DA:9,3
DA:12,3
DA:15,3
DA:18,3
DA:21,3
DA:24,3
DA:27,3
DA:30,3
DA:33,3
LF:12
LH:12
BRDA:33,0,0,3
BRDA:33,0,1,0
BRDA:33,1,0,3
BRDA:33,1,1,3
BRF:4
BRH:3
end_of_record
TN:
SF:src\database\models\customer-activity-summaries.model.ts
FNF:0
FNH:0
DA:1,3
DA:4,3
DA:6,3
DA:9,3
DA:12,3
DA:15,3
DA:18,3
DA:21,3
DA:24,3
DA:27,3
DA:30,3
DA:33,3
DA:36,3
DA:39,3
DA:42,3
DA:45,3
DA:48,3
DA:51,3
DA:54,3
DA:57,3
DA:60,3
DA:63,3
LF:22
LH:22
BRF:0
BRH:0
end_of_record
TN:
SF:src\database\models\customer-address-versions.model.ts
FNF:0
FNH:0
DA:1,3
DA:4,3
DA:6,3
DA:9,3
DA:12,3
DA:15,3
DA:18,3
DA:21,3
DA:24,3
DA:27,3
DA:30,3
DA:33,3
DA:36,3
DA:39,3
DA:42,3
DA:45,3
DA:48,3
DA:51,3
DA:54,3
DA:57,3
DA:60,3
LF:21
LH:21
BRDA:60,0,0,3
BRDA:60,0,1,0
BRDA:60,1,0,3
BRDA:60,1,1,3
BRF:4
BRH:3
end_of_record
TN:
SF:src\database\models\customer-addresses.model.ts
FNF:0
FNH:0
DA:1,3
DA:4,3
DA:6,3
DA:9,3
DA:12,3
DA:15,3
DA:18,3
DA:21,3
DA:24,3
DA:27,3
DA:30,3
DA:33,3
DA:36,3
LF:13
LH:13
BRDA:30,0,0,3
BRDA:30,0,1,0
BRDA:30,1,0,3
BRDA:30,1,1,3
BRF:4
BRH:3
end_of_record
TN:
SF:src\database\models\customer-attribute-values.model.ts
FNF:0
FNH:0
DA:1,3
DA:4,3
DA:6,3
DA:9,3
DA:12,3
DA:15,3
DA:18,3
DA:21,3
DA:24,3
DA:27,3
DA:30,3
DA:33,3
DA:36,3
DA:39,3
DA:42,3
DA:45,3
DA:48,3
LF:17
LH:17
BRDA:48,0,0,3
BRDA:48,0,1,0
BRDA:48,1,0,3
BRDA:48,1,1,3
BRF:4
BRH:3
end_of_record
TN:
SF:src\database\models\customer-consent.model.ts
FNF:0
FNH:0
DA:1,0
DA:4,0
DA:6,0
DA:9,0
DA:12,0
DA:15,0
DA:18,0
DA:21,0
DA:24,0
DA:27,0
DA:30,0
DA:33,0
DA:36,0
DA:39,0
DA:42,0
DA:45,0
DA:48,0
DA:51,0
LF:18
LH:0
BRDA:48,0,0,0
BRDA:48,0,1,0
BRDA:48,1,0,0
BRDA:48,1,1,0
BRF:4
BRH:0
end_of_record
TN:
SF:src\database\models\customer-consents.model.ts
FNF:0
FNH:0
DA:1,3
DA:4,3
DA:6,3
DA:9,3
DA:12,3
DA:15,3
DA:18,3
DA:21,3
DA:24,3
DA:27,3
DA:30,3
DA:33,3
DA:36,3
DA:39,3
DA:42,3
DA:45,3
DA:48,3
DA:51,3
LF:18
LH:18
BRDA:48,0,0,3
BRDA:48,0,1,0
BRDA:48,1,0,3
BRDA:48,1,1,3
BRF:4
BRH:3
end_of_record
TN:
SF:src\database\models\customer-contact-method.model.ts
FNF:0
FNH:0
DA:1,0
DA:4,0
DA:6,0
DA:9,0
DA:12,0
DA:15,0
DA:18,0
DA:21,0
DA:24,0
DA:27,0
DA:30,0
DA:33,0
DA:36,0
DA:39,0
DA:42,0
DA:45,0
DA:48,0
DA:51,0
DA:54,0
DA:57,0
LF:20
LH:0
BRDA:51,0,0,0
BRDA:51,0,1,0
BRDA:51,1,0,0
BRDA:51,1,1,0
BRF:4
BRH:0
end_of_record
TN:
SF:src\database\models\customer-contact-methods.model.ts
FNF:0
FNH:0
DA:1,3
DA:4,3
DA:6,3
DA:9,3
DA:12,3
DA:15,3
DA:18,3
DA:21,3
DA:24,3
DA:27,3
DA:30,3
DA:33,3
DA:36,3
DA:39,3
DA:42,3
DA:45,3
DA:48,3
DA:51,3
DA:54,3
DA:57,3
LF:20
LH:20
BRDA:51,0,0,3
BRDA:51,0,1,0
BRDA:51,1,0,3
BRDA:51,1,1,3
BRF:4
BRH:3
end_of_record
TN:
SF:src\database\models\customer-context-enrichments.model.ts
FNF:0
FNH:0
DA:1,3
DA:4,3
DA:6,3
DA:9,3
DA:12,3
DA:15,3
DA:18,3
DA:21,3
DA:24,3
DA:27,3
DA:30,3
DA:33,3
DA:36,3
DA:39,3
DA:42,3
DA:45,3
DA:48,3
DA:51,3
LF:18
LH:18
BRDA:51,0,0,3
BRDA:51,0,1,0
BRDA:51,1,0,3
BRDA:51,1,1,3
BRF:4
BRH:3
end_of_record
TN:
SF:src\database\models\customer-device-link.model.ts
FNF:0
FNH:0
DA:1,0
DA:4,0
DA:6,0
DA:9,0
DA:12,0
DA:15,0
DA:18,0
DA:21,0
DA:24,0
DA:27,0
DA:30,0
DA:33,0
DA:36,0
DA:39,0
DA:42,0
DA:45,0
LF:16
LH:0
BRDA:39,0,0,0
BRDA:39,0,1,0
BRDA:39,1,0,0
BRDA:39,1,1,0
BRF:4
BRH:0
end_of_record
TN:
SF:src\database\models\customer-device-links.model.ts
FNF:0
FNH:0
DA:1,3
DA:4,3
DA:6,3
DA:9,3
DA:12,3
DA:15,3
DA:18,3
DA:21,3
DA:24,3
DA:27,3
DA:30,3
DA:33,3
DA:36,3
DA:39,3
DA:42,3
DA:45,3
LF:16
LH:16
BRDA:39,0,0,3
BRDA:39,0,1,0
BRDA:39,1,0,3
BRDA:39,1,1,3
BRF:4
BRH:3
end_of_record
TN:
SF:src\database\models\customer-identity-documents.model.ts
FNF:0
FNH:0
DA:1,3
DA:4,3
DA:6,3
DA:9,3
DA:12,3
DA:15,3
DA:18,3
DA:21,3
DA:24,3
DA:27,3
DA:30,3
DA:33,3
DA:36,3
DA:39,3
DA:42,3
DA:45,3
DA:48,3
DA:51,3
DA:54,3
DA:57,3
DA:60,3
DA:63,3
DA:66,3
DA:69,3
DA:72,3
LF:25
LH:25
BRDA:72,0,0,3
BRDA:72,0,1,0
BRDA:72,1,0,3
BRDA:72,1,1,3
BRF:4
BRH:3
end_of_record
TN:
SF:src\database\models\customer-observations.model.ts
FNF:0
FNH:0
DA:1,3
DA:4,3
DA:6,3
DA:9,3
DA:12,3
DA:15,3
DA:18,3
DA:21,3
DA:24,3
DA:27,3
DA:30,3
DA:33,3
DA:36,3
DA:39,3
DA:42,3
DA:45,3
DA:48,3
DA:51,3
DA:54,3
DA:57,3
DA:60,3
DA:63,3
DA:66,3
LF:23
LH:23
BRDA:66,0,0,3
BRDA:66,0,1,0
BRDA:66,1,0,3
BRDA:66,1,1,3
BRF:4
BRH:3
end_of_record
TN:
SF:src\database\models\customer-profile-version.model.ts
FNF:0
FNH:0
DA:1,0
DA:4,0
DA:6,0
DA:9,0
DA:12,0
DA:15,0
DA:18,0
DA:21,0
DA:24,0
DA:27,0
DA:30,0
DA:33,0
DA:36,0
DA:39,0
DA:42,0
DA:45,0
DA:48,0
DA:51,0
LF:18
LH:0
BRDA:51,0,0,0
BRDA:51,0,1,0
BRDA:51,1,0,0
BRDA:51,1,1,0
BRF:4
BRH:0
end_of_record
TN:
SF:src\database\models\customer-profile-versions.model.ts
FNF:0
FNH:0
DA:1,3
DA:4,3
DA:6,3
DA:9,3
DA:12,3
DA:15,3
DA:18,3
DA:21,3
DA:24,3
DA:27,3
DA:30,3
DA:33,3
DA:36,3
DA:39,3
DA:42,3
DA:45,3
DA:48,3
DA:51,3
LF:18
LH:18
BRDA:51,0,0,3
BRDA:51,0,1,0
BRDA:51,1,0,3
BRDA:51,1,1,3
BRF:4
BRH:3
end_of_record
TN:
SF:src\database\models\customer-reference-contacts.model.ts
FNF:0
FNH:0
DA:1,3
DA:4,3
DA:6,3
DA:9,3
DA:12,3
DA:15,3
DA:18,3
DA:21,3
DA:24,3
DA:27,3
DA:30,3
DA:33,3
DA:36,3
DA:39,3
DA:42,3
DA:45,3
DA:48,3
DA:51,3
DA:54,3
LF:19
LH:19
BRDA:48,0,0,3
BRDA:48,0,1,0
BRDA:48,1,0,3
BRDA:48,1,1,3
BRF:4
BRH:3
end_of_record
TN:
SF:src\database\models\customer-session.model.ts
FNF:0
FNH:0
DA:1,0
DA:4,0
DA:6,0
DA:9,0
DA:12,0
DA:15,0
DA:18,0
DA:21,0
DA:24,0
DA:27,0
DA:30,0
DA:33,0
DA:36,0
DA:39,0
DA:42,0
DA:45,0
DA:48,0
DA:51,0
LF:18
LH:0
BRDA:51,0,0,0
BRDA:51,0,1,0
BRDA:51,1,0,0
BRDA:51,1,1,0
BRF:4
BRH:0
end_of_record
TN:
SF:src\database\models\customer-sessions.model.ts
FNF:0
FNH:0
DA:1,3
DA:4,3
DA:6,3
DA:9,3
DA:12,3
DA:15,3
DA:18,3
DA:21,3
DA:24,3
DA:27,3
DA:30,3
DA:33,3
DA:36,3
DA:39,3
DA:42,3
DA:45,3
DA:48,3
DA:51,3
LF:18
LH:18
BRDA:51,0,0,3
BRDA:51,0,1,0
BRDA:51,1,0,3
BRDA:51,1,1,3
BRF:4
BRH:3
end_of_record
TN:
SF:src\database\models\customer-status-event.model.ts
FNF:0
FNH:0
DA:1,0
DA:4,0
DA:6,0
DA:9,0
DA:12,0
DA:15,0
DA:18,0
DA:21,0
DA:24,0
DA:27,0
DA:30,0
DA:33,0
LF:12
LH:0
BRDA:33,0,0,0
BRDA:33,0,1,0
BRDA:33,1,0,0
BRDA:33,1,1,0
BRF:4
BRH:0
end_of_record
TN:
SF:src\database\models\customer-status-events.model.ts
FNF:0
FNH:0
DA:1,3
DA:4,3
DA:6,3
DA:9,3
DA:12,3
DA:15,3
DA:18,3
DA:21,3
DA:24,3
DA:27,3
DA:30,3
DA:33,3
DA:36,3
DA:39,3
LF:14
LH:14
BRDA:39,0,0,3
BRDA:39,0,1,0
BRDA:39,1,0,3
BRDA:39,1,1,3
BRF:4
BRH:3
end_of_record
TN:
SF:src\database\models\customer.model.ts
FNF:0
FNH:0
DA:1,0
DA:4,0
DA:6,0
DA:9,0
DA:12,0
DA:15,0
DA:18,0
DA:21,0
DA:24,0
DA:27,0
DA:30,0
DA:33,0
DA:36,0
DA:39,0
DA:42,0
DA:45,0
DA:48,0
DA:51,0
LF:18
LH:0
BRDA:45,0,0,0
BRDA:45,0,1,0
BRDA:45,1,0,0
BRDA:45,1,1,0
BRF:4
BRH:0
end_of_record
TN:
SF:src\database\models\customers.model.ts
FNF:0
FNH:0
DA:1,3
DA:4,3
DA:6,3
DA:9,3
DA:12,3
DA:15,3
DA:18,3
DA:21,3
DA:24,3
DA:27,3
DA:30,3
DA:33,3
DA:36,3
DA:39,3
DA:42,3
DA:45,3
DA:48,3
DA:51,3
LF:18
LH:18
BRDA:45,0,0,3
BRDA:45,0,1,0
BRDA:45,1,0,3
BRDA:45,1,1,3
BRF:4
BRH:3
end_of_record
TN:
SF:src\database\models\data-change-logs.model.ts
FNF:0
FNH:0
DA:1,3
DA:4,3
DA:6,3
DA:9,3
DA:12,3
DA:15,3
DA:18,3
DA:21,3
DA:24,3
DA:27,3
DA:30,3
DA:33,3
DA:36,3
DA:39,3
DA:42,3
LF:15
LH:15
BRDA:42,0,0,3
BRDA:42,0,1,0
BRDA:42,1,0,3
BRDA:42,1,1,3
BRF:4
BRH:3
end_of_record
TN:
SF:src\database\models\data-classification-policies.model.ts
FNF:0
FNH:0
DA:1,3
DA:4,3
DA:6,3
DA:9,3
DA:12,3
DA:15,3
DA:18,3
DA:21,3
DA:24,3
DA:27,3
DA:30,3
DA:33,3
DA:36,3
DA:39,3
DA:42,3
LF:15
LH:15
BRDA:39,0,0,3
BRDA:39,0,1,0
BRDA:39,1,0,3
BRDA:39,1,1,3
BRF:4
BRH:3
end_of_record
TN:
SF:src\database\models\data-provider-requests.model.ts
FNF:0
FNH:0
DA:1,3
DA:4,3
DA:6,3
DA:9,3
DA:12,3
DA:15,3
DA:18,3
DA:21,3
DA:24,3
DA:27,3
DA:30,3
DA:33,3
DA:36,3
DA:39,3
DA:42,3
DA:45,3
DA:48,3
DA:51,3
LF:18
LH:18
BRDA:51,0,0,3
BRDA:51,0,1,0
BRDA:51,1,0,3
BRDA:51,1,1,3
BRF:4
BRH:3
end_of_record
TN:
SF:src\database\models\data-provider-responses.model.ts
FNF:0
FNH:0
DA:1,3
DA:4,3
DA:6,3
DA:9,3
DA:12,3
DA:15,3
DA:18,3
DA:21,3
DA:24,3
DA:27,3
DA:30,3
DA:33,3
DA:36,3
DA:39,3
DA:42,3
LF:15
LH:15
BRDA:42,0,0,3
BRDA:42,0,1,0
BRDA:42,1,0,3
BRDA:42,1,1,3
BRF:4
BRH:3
end_of_record
TN:
SF:src\database\models\data-providers.model.ts
FNF:0
FNH:0
DA:1,3
DA:4,3
DA:6,3
DA:9,3
DA:12,3
DA:15,3
DA:18,3
DA:21,3
DA:24,3
DA:27,3
DA:30,3
DA:33,3
LF:12
LH:12
BRDA:30,0,0,3
BRDA:30,0,1,0
BRDA:30,1,0,3
BRDA:30,1,1,3
BRF:4
BRH:3
end_of_record
TN:
SF:src\database\models\data-quality-issues.model.ts
FNF:0
FNH:0
DA:1,3
DA:4,3
DA:6,3
DA:9,3
DA:12,3
DA:15,3
DA:18,3
DA:21,3
DA:24,3
DA:27,3
DA:30,3
DA:33,3
LF:12
LH:12
BRDA:33,0,0,3
BRDA:33,0,1,0
BRDA:33,1,0,3
BRDA:33,1,1,3
BRF:4
BRH:3
end_of_record
TN:
SF:src\database\models\data-quality-rules.model.ts
FNF:0
FNH:0
DA:1,3
DA:4,3
DA:6,3
DA:9,3
DA:12,3
DA:15,3
DA:18,3
DA:21,3
DA:24,3
DA:27,3
DA:30,3
DA:33,3
DA:36,3
DA:39,3
LF:14
LH:14
BRDA:36,0,0,3
BRDA:36,0,1,0
BRDA:36,1,0,3
BRDA:36,1,1,3
BRF:4
BRH:3
end_of_record
TN:
SF:src\database\models\data-subject-requests.model.ts
FNF:0
FNH:0
DA:1,3
DA:4,3
DA:6,3
DA:9,3
DA:12,3
DA:15,3
DA:18,3
DA:21,3
DA:24,3
DA:27,3
DA:30,3
DA:33,3
DA:36,3
DA:39,3
DA:42,3
DA:45,3
LF:16
LH:16
BRDA:39,0,0,3
BRDA:39,0,1,0
BRDA:39,1,0,3
BRDA:39,1,1,3
BRF:4
BRH:3
end_of_record
TN:
SF:src\database\models\device-risk-events.model.ts
FNF:0
FNH:0
DA:1,3
DA:4,3
DA:6,3
DA:9,3
DA:12,3
DA:15,3
DA:18,3
DA:21,3
DA:24,3
DA:27,3
DA:30,3
DA:33,3
LF:12
LH:12
BRDA:33,0,0,3
BRDA:33,0,1,0
BRDA:33,1,0,3
BRDA:33,1,1,3
BRF:4
BRH:3
end_of_record
TN:
SF:src\database\models\device-snapshot.model.ts
FNF:0
FNH:0
DA:1,0
DA:4,0
DA:6,0
DA:9,0
DA:12,0
DA:15,0
DA:18,0
DA:21,0
DA:24,0
DA:27,0
DA:30,0
DA:33,0
DA:36,0
DA:39,0
DA:42,0
DA:45,0
DA:48,0
LF:17
LH:0
BRDA:48,0,0,0
BRDA:48,0,1,0
BRDA:48,1,0,0
BRDA:48,1,1,0
BRF:4
BRH:0
end_of_record
TN:
SF:src\database\models\device-snapshots.model.ts
FNF:0
FNH:0
DA:1,3
DA:4,3
DA:6,3
DA:9,3
DA:12,3
DA:15,3
DA:18,3
DA:21,3
DA:24,3
DA:27,3
DA:30,3
DA:33,3
DA:36,3
DA:39,3
DA:42,3
DA:45,3
DA:48,3
DA:51,3
DA:54,3
DA:57,3
DA:60,3
DA:63,3
LF:22
LH:22
BRDA:63,0,0,3
BRDA:63,0,1,0
BRDA:63,1,0,3
BRDA:63,1,1,3
BRF:4
BRH:3
end_of_record
TN:
SF:src\database\models\device-tokens.model.ts
FNF:0
FNH:0
DA:1,3
DA:4,3
DA:6,3
DA:9,3
DA:12,3
DA:15,3
DA:18,3
DA:21,3
DA:24,3
DA:27,3
DA:30,3
DA:33,3
DA:36,3
DA:39,3
LF:14
LH:14
BRDA:36,0,0,3
BRDA:36,0,1,0
BRDA:36,1,0,3
BRDA:36,1,1,3
BRF:4
BRH:3
end_of_record
TN:
SF:src\database\models\device.model.ts
FNF:0
FNH:0
DA:1,0
DA:4,0
DA:6,0
DA:9,0
DA:12,0
DA:15,0
DA:18,0
DA:21,0
DA:24,0
DA:27,0
DA:30,0
DA:33,0
DA:36,0
DA:39,0
LF:14
LH:0
BRDA:33,0,0,0
BRDA:33,0,1,0
BRDA:33,1,0,0
BRDA:33,1,1,0
BRF:4
BRH:0
end_of_record
TN:
SF:src\database\models\devices.model.ts
FNF:0
FNH:0
DA:1,3
DA:4,3
DA:6,3
DA:9,3
DA:12,3
DA:15,3
DA:18,3
DA:21,3
DA:24,3
DA:27,3
DA:30,3
DA:33,3
DA:36,3
DA:39,3
LF:14
LH:14
BRDA:33,0,0,3
BRDA:33,0,1,0
BRDA:33,1,0,3
BRDA:33,1,1,3
BRF:4
BRH:3
end_of_record
TN:
SF:src\database\models\event-definitions.model.ts
FNF:0
FNH:0
DA:1,3
DA:4,3
DA:6,3
DA:9,3
DA:12,3
DA:15,3
DA:18,3
DA:21,3
DA:24,3
DA:27,3
DA:30,3
DA:33,3
DA:36,3
DA:39,3
DA:42,3
DA:45,3
DA:48,3
LF:17
LH:17
BRDA:45,0,0,3
BRDA:45,0,1,0
BRDA:45,1,0,3
BRDA:45,1,1,3
BRF:4
BRH:3
end_of_record
TN:
SF:src\database\models\evidence-documents.model.ts
FNF:0
FNH:0
DA:1,3
DA:4,3
DA:6,3
DA:9,3
DA:12,3
DA:15,3
DA:18,3
DA:21,3
DA:24,3
DA:27,3
DA:30,3
DA:33,3
DA:36,3
DA:39,3
DA:42,3
DA:45,3
DA:48,3
DA:51,3
DA:54,3
DA:57,3
DA:60,3
DA:63,3
LF:22
LH:22
BRDA:57,0,0,3
BRDA:57,0,1,0
BRDA:57,1,0,3
BRDA:57,1,1,3
BRF:4
BRH:3
end_of_record
TN:
SF:src\database\models\evidence-extractions.model.ts
FNF:0
FNH:0
DA:1,3
DA:4,3
DA:6,3
DA:9,3
DA:12,3
DA:15,3
DA:18,3
DA:21,3
DA:24,3
DA:27,3
DA:30,3
DA:33,3
DA:36,3
DA:39,3
LF:14
LH:14
BRDA:39,0,0,3
BRDA:39,0,1,0
BRDA:39,1,0,3
BRDA:39,1,1,3
BRF:4
BRH:3
end_of_record
TN:
SF:src\database\models\evidence-reviews.model.ts
FNF:0
FNH:0
DA:1,3
DA:4,3
DA:6,3
DA:9,3
DA:12,3
DA:15,3
DA:18,3
DA:21,3
DA:24,3
DA:27,3
DA:30,3
DA:33,3
LF:12
LH:12
BRDA:33,0,0,3
BRDA:33,0,1,0
BRDA:33,1,0,3
BRDA:33,1,1,3
BRF:4
BRH:3
end_of_record
TN:
SF:src\database\models\feature-computation-runs.model.ts
FNF:0
FNH:0
DA:1,3
DA:4,3
DA:6,3
DA:9,3
DA:12,3
DA:15,3
DA:18,3
DA:21,3
DA:24,3
DA:27,3
DA:30,3
DA:33,3
DA:36,3
DA:39,3
DA:42,3
DA:45,3
DA:48,3
DA:51,3
DA:54,3
DA:57,3
DA:60,3
DA:63,3
LF:22
LH:22
BRDA:63,0,0,3
BRDA:63,0,1,0
BRDA:63,1,0,3
BRDA:63,1,1,3
BRF:4
BRH:3
end_of_record
TN:
SF:src\database\models\feature-definitions.model.ts
FNF:0
FNH:0
DA:1,3
DA:4,3
DA:6,3
DA:9,3
DA:12,3
DA:15,3
DA:18,3
DA:21,3
DA:24,3
DA:27,3
DA:30,3
DA:33,3
DA:36,3
DA:39,3
DA:42,3
DA:45,3
DA:48,3
DA:51,3
DA:54,3
DA:57,3
DA:60,3
DA:63,3
DA:66,3
DA:69,3
DA:72,3
DA:75,3
LF:26
LH:26
BRDA:72,0,0,3
BRDA:72,0,1,0
BRDA:72,1,0,3
BRDA:72,1,1,3
BRF:4
BRH:3
end_of_record
TN:
SF:src\database\models\feature-lineage-links.model.ts
FNF:0
FNH:0
DA:1,3
DA:4,3
DA:6,3
DA:9,3
DA:12,3
DA:15,3
DA:18,3
DA:21,3
DA:24,3
DA:27,3
DA:30,3
DA:33,3
LF:12
LH:12
BRDA:33,0,0,3
BRDA:33,0,1,0
BRDA:33,1,0,3
BRDA:33,1,1,3
BRF:4
BRH:3
end_of_record
TN:
SF:src\database\models\feature-snapshots.model.ts
FNF:0
FNH:0
DA:1,3
DA:4,3
DA:6,3
DA:9,3
DA:12,3
DA:15,3
DA:18,3
DA:21,3
DA:24,3
DA:27,3
DA:30,3
DA:33,3
DA:36,3
DA:39,3
DA:42,3
DA:45,3
DA:48,3
DA:51,3
DA:54,3
DA:57,3
LF:20
LH:20
BRDA:57,0,0,3
BRDA:57,0,1,0
BRDA:57,1,0,3
BRDA:57,1,1,3
BRF:4
BRH:3
end_of_record
TN:
SF:src\database\models\feature-values.model.ts
FNF:0
FNH:0
DA:1,3
DA:4,3
DA:6,3
DA:9,3
DA:12,3
DA:15,3
DA:18,3
DA:21,3
DA:24,3
DA:27,3
DA:30,3
DA:33,3
DA:36,3
DA:39,3
DA:42,3
DA:45,3
DA:48,3
DA:51,3
DA:54,3
DA:57,3
DA:60,3
DA:63,3
LF:22
LH:22
BRDA:63,0,0,3
BRDA:63,0,1,0
BRDA:63,1,0,3
BRDA:63,1,1,3
BRF:4
BRH:3
end_of_record
TN:
SF:src\database\models\form-field-interaction-events.model.ts
FNF:0
FNH:0
DA:1,3
DA:4,3
DA:6,3
DA:9,3
DA:12,3
DA:15,3
DA:18,3
DA:21,3
DA:24,3
DA:27,3
DA:30,3
DA:33,3
LF:12
LH:12
BRDA:33,0,0,3
BRDA:33,0,1,0
BRDA:33,1,0,3
BRDA:33,1,1,3
BRF:4
BRH:3
end_of_record
TN:
SF:src\database\models\fraud-case-events.model.ts
FNF:0
FNH:0
DA:1,3
DA:4,3
DA:6,3
DA:9,3
DA:12,3
DA:15,3
DA:18,3
DA:21,3
DA:24,3
DA:27,3
DA:30,3
DA:33,3
LF:12
LH:12
BRDA:33,0,0,3
BRDA:33,0,1,0
BRDA:33,1,0,3
BRDA:33,1,1,3
BRF:4
BRH:3
end_of_record
TN:
SF:src\database\models\fraud-case.model.ts
FNF:0
FNH:0
DA:1,0
DA:4,0
DA:6,0
DA:9,0
DA:12,0
DA:15,0
DA:18,0
DA:21,0
DA:24,0
DA:27,0
DA:30,0
DA:33,0
DA:36,0
DA:39,0
DA:42,0
DA:45,0
DA:48,0
DA:51,0
LF:18
LH:0
BRDA:45,0,0,0
BRDA:45,0,1,0
BRDA:45,1,0,0
BRDA:45,1,1,0
BRF:4
BRH:0
end_of_record
TN:
SF:src\database\models\fraud-cases.model.ts
FNF:0
FNH:0
DA:1,3
DA:4,3
DA:6,3
DA:9,3
DA:12,3
DA:15,3
DA:18,3
DA:21,3
DA:24,3
DA:27,3
DA:30,3
DA:33,3
DA:36,3
DA:39,3
DA:42,3
DA:45,3
DA:48,3
DA:51,3
DA:54,3
DA:57,3
DA:60,3
DA:63,3
LF:22
LH:22
BRDA:57,0,0,3
BRDA:57,0,1,0
BRDA:57,1,0,3
BRDA:57,1,1,3
BRF:4
BRH:3
end_of_record
TN:
SF:src\database\models\global-device-fingerprint.model.ts
FNF:0
FNH:0
DA:1,0
DA:4,0
DA:6,0
DA:9,0
DA:12,0
DA:15,0
DA:18,0
DA:21,0
DA:24,0
DA:27,0
DA:30,0
LF:11
LH:0
BRDA:27,0,0,0
BRDA:27,0,1,0
BRDA:27,1,0,0
BRDA:27,1,1,0
BRF:4
BRH:0
end_of_record
TN:
SF:src\database\models\global-device-fingerprints.model.ts
FNF:0
FNH:0
DA:1,3
DA:4,3
DA:6,3
DA:9,3
DA:12,3
DA:15,3
DA:18,3
DA:21,3
DA:24,3
DA:27,3
DA:30,3
LF:11
LH:11
BRDA:27,0,0,3
BRDA:27,0,1,0
BRDA:27,1,0,3
BRDA:27,1,1,3
BRF:4
BRH:3
end_of_record
TN:
SF:src\database\models\idempotency-keys.model.ts
FNF:0
FNH:0
DA:1,3
DA:4,3
DA:6,3
DA:9,3
DA:12,3
DA:15,3
DA:18,3
DA:21,3
DA:24,3
DA:27,3
DA:30,3
DA:33,3
DA:36,3
DA:39,3
DA:42,3
DA:45,3
LF:16
LH:16
BRDA:42,0,0,3
BRDA:42,0,1,0
BRDA:42,1,0,3
BRDA:42,1,1,3
BRF:4
BRH:3
end_of_record
TN:
SF:src\database\models\identity-verification-attempts.model.ts
FNF:0
FNH:0
DA:1,3
DA:4,3
DA:6,3
DA:9,3
DA:12,3
DA:15,3
DA:18,3
DA:21,3
DA:24,3
DA:27,3
DA:30,3
DA:33,3
DA:36,3
DA:39,3
DA:42,3
DA:45,3
DA:48,3
DA:51,3
DA:54,3
DA:57,3
DA:60,3
LF:21
LH:21
BRDA:60,0,0,3
BRDA:60,0,1,0
BRDA:60,1,0,3
BRDA:60,1,1,3
BRF:4
BRH:3
end_of_record
TN:
SF:src\database\models\index.ts
FN:1,(anonymous_0)
FN:2,(anonymous_1)
FN:3,(anonymous_2)
FN:4,(anonymous_3)
FN:5,(anonymous_4)
FN:6,(anonymous_5)
FN:7,(anonymous_6)
FN:8,(anonymous_7)
FN:9,(anonymous_8)
FN:10,(anonymous_9)
FN:11,(anonymous_10)
FN:12,(anonymous_11)
FN:13,(anonymous_12)
FN:14,(anonymous_13)
FN:15,(anonymous_14)
FN:16,(anonymous_15)
FN:17,(anonymous_16)
FN:18,(anonymous_17)
FN:19,(anonymous_18)
FN:20,(anonymous_19)
FN:21,(anonymous_20)
FN:22,(anonymous_21)
FN:23,(anonymous_22)
FN:24,(anonymous_23)
FN:25,(anonymous_24)
FN:26,(anonymous_25)
FN:27,(anonymous_26)
FN:28,(anonymous_27)
FN:29,(anonymous_28)
FN:30,(anonymous_29)
FN:31,(anonymous_30)
FN:32,(anonymous_31)
FN:33,(anonymous_32)
FN:34,(anonymous_33)
FN:35,(anonymous_34)
FN:36,(anonymous_35)
FN:37,(anonymous_36)
FN:38,(anonymous_37)
FN:39,(anonymous_38)
FN:40,(anonymous_39)
FN:41,(anonymous_40)
FN:42,(anonymous_41)
FN:43,(anonymous_42)
FN:44,(anonymous_43)
FN:45,(anonymous_44)
FN:46,(anonymous_45)
FN:47,(anonymous_46)
FN:48,(anonymous_47)
FN:49,(anonymous_48)
FN:50,(anonymous_49)
FN:51,(anonymous_50)
FN:52,(anonymous_51)
FN:53,(anonymous_52)
FN:54,(anonymous_53)
FN:55,(anonymous_54)
FN:56,(anonymous_55)
FN:57,(anonymous_56)
FN:58,(anonymous_57)
FN:59,(anonymous_58)
FN:60,(anonymous_59)
FN:61,(anonymous_60)
FN:62,(anonymous_61)
FN:63,(anonymous_62)
FN:64,(anonymous_63)
FN:65,(anonymous_64)
FN:66,(anonymous_65)
FN:67,(anonymous_66)
FN:68,(anonymous_67)
FN:69,(anonymous_68)
FN:70,(anonymous_69)
FN:71,(anonymous_70)
FN:72,(anonymous_71)
FN:73,(anonymous_72)
FN:74,(anonymous_73)
FN:75,(anonymous_74)
FN:76,(anonymous_75)
FN:77,(anonymous_76)
FN:78,(anonymous_77)
FN:79,(anonymous_78)
FN:80,(anonymous_79)
FN:81,(anonymous_80)
FN:82,(anonymous_81)
FN:83,(anonymous_82)
FN:84,(anonymous_83)
FN:85,(anonymous_84)
FN:86,(anonymous_85)
FN:87,(anonymous_86)
FN:88,(anonymous_87)
FN:89,(anonymous_88)
FN:90,(anonymous_89)
FN:91,(anonymous_90)
FN:92,(anonymous_91)
FN:93,(anonymous_92)
FN:94,(anonymous_93)
FN:95,(anonymous_94)
FN:96,(anonymous_95)
FNF:96
FNH:43
FNDA:0,(anonymous_0)
FNDA:2,(anonymous_1)
FNDA:2,(anonymous_2)
FNDA:0,(anonymous_3)
FNDA:0,(anonymous_4)
FNDA:1,(anonymous_5)
FNDA:1,(anonymous_6)
FNDA:3,(anonymous_7)
FNDA:4,(anonymous_8)
FNDA:2,(anonymous_9)
FNDA:1,(anonymous_10)
FNDA:1,(anonymous_11)
FNDA:3,(anonymous_12)
FNDA:1,(anonymous_13)
FNDA:2,(anonymous_14)
FNDA:2,(anonymous_15)
FNDA:2,(anonymous_16)
FNDA:0,(anonymous_17)
FNDA:0,(anonymous_18)
FNDA:1,(anonymous_19)
FNDA:3,(anonymous_20)
FNDA:1,(anonymous_21)
FNDA:0,(anonymous_22)
FNDA:0,(anonymous_23)
FNDA:0,(anonymous_24)
FNDA:1,(anonymous_25)
FNDA:1,(anonymous_26)
FNDA:1,(anonymous_27)
FNDA:1,(anonymous_28)
FNDA:1,(anonymous_29)
FNDA:1,(anonymous_30)
FNDA:1,(anonymous_31)
FNDA:1,(anonymous_32)
FNDA:1,(anonymous_33)
FNDA:1,(anonymous_34)
FNDA:2,(anonymous_35)
FNDA:1,(anonymous_36)
FNDA:2,(anonymous_37)
FNDA:1,(anonymous_38)
FNDA:2,(anonymous_39)
FNDA:2,(anonymous_40)
FNDA:0,(anonymous_41)
FNDA:2,(anonymous_42)
FNDA:0,(anonymous_43)
FNDA:0,(anonymous_44)
FNDA:0,(anonymous_45)
FNDA:0,(anonymous_46)
FNDA:0,(anonymous_47)
FNDA:0,(anonymous_48)
FNDA:0,(anonymous_49)
FNDA:0,(anonymous_50)
FNDA:0,(anonymous_51)
FNDA:0,(anonymous_52)
FNDA:0,(anonymous_53)
FNDA:0,(anonymous_54)
FNDA:0,(anonymous_55)
FNDA:0,(anonymous_56)
FNDA:3,(anonymous_57)
FNDA:0,(anonymous_58)
FNDA:0,(anonymous_59)
FNDA:0,(anonymous_60)
FNDA:0,(anonymous_61)
FNDA:0,(anonymous_62)
FNDA:0,(anonymous_63)
FNDA:0,(anonymous_64)
FNDA:0,(anonymous_65)
FNDA:0,(anonymous_66)
FNDA:0,(anonymous_67)
FNDA:0,(anonymous_68)
FNDA:0,(anonymous_69)
FNDA:0,(anonymous_70)
FNDA:0,(anonymous_71)
FNDA:0,(anonymous_72)
FNDA:2,(anonymous_73)
FNDA:0,(anonymous_74)
FNDA:0,(anonymous_75)
FNDA:1,(anonymous_76)
FNDA:1,(anonymous_77)
FNDA:1,(anonymous_78)
FNDA:0,(anonymous_79)
FNDA:1,(anonymous_80)
FNDA:3,(anonymous_81)
FNDA:0,(anonymous_82)
FNDA:0,(anonymous_83)
FNDA:0,(anonymous_84)
FNDA:0,(anonymous_85)
FNDA:0,(anonymous_86)
FNDA:0,(anonymous_87)
FNDA:2,(anonymous_88)
FNDA:2,(anonymous_89)
FNDA:0,(anonymous_90)
FNDA:0,(anonymous_91)
FNDA:0,(anonymous_92)
FNDA:0,(anonymous_93)
FNDA:0,(anonymous_94)
FNDA:0,(anonymous_95)
DA:1,3
DA:2,5
DA:3,5
DA:4,3
DA:5,3
DA:6,4
DA:7,4
DA:8,6
DA:9,7
DA:10,5
DA:11,4
DA:12,4
DA:13,6
DA:14,4
DA:15,5
DA:16,5
DA:17,5
DA:18,3
DA:19,3
DA:20,4
DA:21,6
DA:22,4
DA:23,3
DA:24,3
DA:25,3
DA:26,4
DA:27,4
DA:28,4
DA:29,4
DA:30,4
DA:31,4
DA:32,4
DA:33,4
DA:34,4
DA:35,4
DA:36,5
DA:37,4
DA:38,5
DA:39,4
DA:40,5
DA:41,5
DA:42,3
DA:43,5
DA:44,3
DA:45,3
DA:46,3
DA:47,3
DA:48,3
DA:49,3
DA:50,3
DA:51,3
DA:52,3
DA:53,3
DA:54,3
DA:55,3
DA:56,3
DA:57,3
DA:58,6
DA:59,3
DA:60,3
DA:61,3
DA:62,3
DA:63,3
DA:64,3
DA:65,3
DA:66,3
DA:67,3
DA:68,3
DA:69,3
DA:70,3
DA:71,3
DA:72,3
DA:73,3
DA:74,5
DA:75,3
DA:76,3
DA:77,4
DA:78,4
DA:79,4
DA:80,3
DA:81,4
DA:82,6
DA:83,3
DA:84,3
DA:85,3
DA:86,3
DA:87,3
DA:88,3
DA:89,5
DA:90,5
DA:91,3
DA:92,3
DA:93,3
DA:94,3
DA:95,3
DA:96,3
LF:96
LH:96
BRF:0
BRH:0
end_of_record
TN:
SF:src\database\models\internal-users.model.ts
FNF:0
FNH:0
DA:1,3
DA:4,3
DA:6,3
DA:9,3
DA:12,3
DA:15,3
DA:18,3
DA:21,3
DA:24,3
DA:27,3
DA:30,3
DA:33,3
LF:12
LH:12
BRDA:27,0,0,3
BRDA:27,0,1,0
BRDA:27,1,0,3
BRDA:27,1,1,3
BRF:4
BRH:3
end_of_record
TN:
SF:src\database\models\ip-reputation-observations.model.ts
FNF:0
FNH:0
DA:1,3
DA:4,3
DA:6,3
DA:9,3
DA:12,3
DA:15,3
DA:18,3
DA:21,3
DA:24,3
DA:27,3
DA:30,3
DA:33,3
DA:36,3
DA:39,3
DA:42,3
DA:45,3
DA:48,3
LF:17
LH:17
BRDA:48,0,0,3
BRDA:48,0,1,0
BRDA:48,1,0,3
BRDA:48,1,1,3
BRF:4
BRH:3
end_of_record
TN:
SF:src\database\models\manual-review-case.model.ts
FNF:0
FNH:0
DA:1,0
DA:4,0
DA:6,0
DA:9,0
DA:12,0
DA:15,0
DA:18,0
DA:21,0
DA:24,0
DA:27,0
DA:30,0
DA:33,0
DA:36,0
DA:39,0
DA:42,0
DA:45,0
DA:48,0
DA:51,0
DA:54,0
LF:19
LH:0
BRDA:48,0,0,0
BRDA:48,0,1,0
BRDA:48,1,0,0
BRDA:48,1,1,0
BRF:4
BRH:0
end_of_record
TN:
SF:src\database\models\manual-review-cases.model.ts
FNF:0
FNH:0
DA:1,3
DA:4,3
DA:6,3
DA:9,3
DA:12,3
DA:15,3
DA:18,3
DA:21,3
DA:24,3
DA:27,3
DA:30,3
DA:33,3
DA:36,3
DA:39,3
DA:42,3
DA:45,3
DA:48,3
DA:51,3
DA:54,3
LF:19
LH:19
BRDA:48,0,0,3
BRDA:48,0,1,0
BRDA:48,1,0,3
BRDA:48,1,1,3
BRF:4
BRH:3
end_of_record
TN:
SF:src\database\models\manual-review-events.model.ts
FNF:0
FNH:0
DA:1,3
DA:4,3
DA:6,3
DA:9,3
DA:12,3
DA:15,3
DA:18,3
DA:21,3
DA:24,3
DA:27,3
DA:30,3
DA:33,3
LF:12
LH:12
BRDA:33,0,0,3
BRDA:33,0,1,0
BRDA:33,1,0,3
BRDA:33,1,1,3
BRF:4
BRH:3
end_of_record
TN:
SF:src\database\models\notification-deliveries.model.ts
FNF:0
FNH:0
DA:1,3
DA:4,3
DA:6,3
DA:9,3
DA:12,3
DA:15,3
DA:18,3
DA:21,3
DA:24,3
DA:27,3
DA:30,3
DA:33,3
DA:36,3
DA:39,3
DA:42,3
DA:45,3
DA:48,3
DA:51,3
LF:18
LH:18
BRDA:51,0,0,3
BRDA:51,0,1,0
BRDA:51,1,0,3
BRDA:51,1,1,3
BRF:4
BRH:3
end_of_record
TN:
SF:src\database\models\notification-messages.model.ts
FNF:0
FNH:0
DA:1,3
DA:4,3
DA:6,3
DA:9,3
DA:12,3
DA:15,3
DA:18,3
DA:21,3
DA:24,3
DA:27,3
DA:30,3
DA:33,3
DA:36,3
DA:39,3
DA:42,3
DA:45,3
DA:48,3
DA:51,3
DA:54,3
DA:57,3
DA:60,3
DA:63,3
DA:66,3
DA:69,3
DA:72,3
DA:75,3
DA:78,3
DA:81,3
LF:28
LH:28
BRDA:78,0,0,3
BRDA:78,0,1,0
BRDA:78,1,0,3
BRDA:78,1,1,3
BRF:4
BRH:3
end_of_record
TN:
SF:src\database\models\notification-templates.model.ts
FNF:0
FNH:0
DA:1,3
DA:4,3
DA:6,3
DA:9,3
DA:12,3
DA:15,3
DA:18,3
DA:21,3
DA:24,3
DA:27,3
DA:30,3
DA:33,3
DA:36,3
DA:39,3
DA:42,3
LF:15
LH:15
BRDA:39,0,0,3
BRDA:39,0,1,0
BRDA:39,1,0,3
BRDA:39,1,1,3
BRF:4
BRH:3
end_of_record
TN:
SF:src\database\models\observation-definitions.model.ts
FNF:0
FNH:0
DA:1,3
DA:4,3
DA:6,3
DA:9,3
DA:12,3
DA:15,3
DA:18,3
DA:21,3
DA:24,3
DA:27,3
DA:30,3
DA:33,3
DA:36,3
DA:39,3
DA:42,3
DA:45,3
DA:48,3
DA:51,3
DA:54,3
DA:57,3
DA:60,3
LF:21
LH:21
BRDA:57,0,0,3
BRDA:57,0,1,0
BRDA:57,1,0,3
BRDA:57,1,1,3
BRF:4
BRH:3
end_of_record
TN:
SF:src\database\models\on-device-computation-runs.model.ts
FNF:0
FNH:0
DA:1,3
DA:4,3
DA:6,3
DA:9,3
DA:12,3
DA:15,3
DA:18,3
DA:21,3
DA:24,3
DA:27,3
DA:30,3
DA:33,3
DA:36,3
DA:39,3
DA:42,3
DA:45,3
DA:48,3
DA:51,3
LF:18
LH:18
BRDA:51,0,0,3
BRDA:51,0,1,0
BRDA:51,1,0,3
BRDA:51,1,1,3
BRF:4
BRH:3
end_of_record
TN:
SF:src\database\models\on-device-metric-values.model.ts
FNF:0
FNH:0
DA:1,3
DA:4,3
DA:6,3
DA:9,3
DA:12,3
DA:15,3
DA:18,3
DA:21,3
DA:24,3
DA:27,3
DA:30,3
DA:33,3
LF:12
LH:12
BRDA:33,0,0,3
BRDA:33,0,1,0
BRDA:33,1,0,3
BRDA:33,1,1,3
BRF:4
BRH:3
end_of_record
TN:
SF:src\database\models\onboarding-behavior-summaries.model.ts
FNF:0
FNH:0
DA:1,3
DA:4,3
DA:6,3
DA:9,3
DA:12,3
DA:15,3
DA:18,3
DA:21,3
DA:24,3
DA:27,3
DA:30,3
DA:33,3
DA:36,3
DA:39,3
DA:42,3
DA:45,3
DA:48,3
LF:17
LH:17
BRDA:48,0,0,3
BRDA:48,0,1,0
BRDA:48,1,0,3
BRDA:48,1,1,3
BRF:4
BRH:3
end_of_record
TN:
SF:src\database\models\onboarding-flows.model.ts
FNF:0
FNH:0
DA:1,3
DA:4,3
DA:6,3
DA:9,3
DA:12,3
DA:15,3
DA:18,3
DA:21,3
DA:24,3
DA:27,3
DA:30,3
DA:33,3
DA:36,3
LF:13
LH:13
BRDA:36,0,0,3
BRDA:36,0,1,0
BRDA:36,1,0,3
BRDA:36,1,1,3
BRF:4
BRH:3
end_of_record
TN:
SF:src\database\models\onboarding-step-events.model.ts
FNF:0
FNH:0
DA:1,3
DA:4,3
DA:6,3
DA:9,3
DA:12,3
DA:15,3
DA:18,3
DA:21,3
DA:24,3
DA:27,3
DA:30,3
DA:33,3
DA:36,3
LF:13
LH:13
BRDA:36,0,0,3
BRDA:36,0,1,0
BRDA:36,1,0,3
BRDA:36,1,1,3
BRF:4
BRH:3
end_of_record
TN:
SF:src\database\models\operational-audit-logs.model.ts
FNF:0
FNH:0
DA:1,3
DA:4,3
DA:6,3
DA:9,3
DA:12,3
DA:15,3
DA:18,3
DA:21,3
DA:24,3
DA:27,3
DA:30,3
DA:33,3
DA:36,3
DA:39,3
DA:42,3
LF:15
LH:15
BRDA:42,0,0,3
BRDA:42,0,1,0
BRDA:42,1,0,3
BRDA:42,1,1,3
BRF:4
BRH:3
end_of_record
TN:
SF:src\database\models\outbox-events.model.ts
FNF:0
FNH:0
DA:1,3
DA:4,3
DA:6,3
DA:9,3
DA:12,3
DA:15,3
DA:18,3
DA:21,3
DA:24,3
DA:27,3
DA:30,3
DA:33,3
DA:36,3
DA:39,3
DA:42,3
DA:45,3
DA:48,3
DA:51,3
DA:54,3
DA:57,3
DA:60,3
DA:63,3
DA:66,3
DA:69,3
DA:72,3
DA:75,3
DA:78,3
DA:81,3
DA:84,3
LF:29
LH:29
BRDA:81,0,0,3
BRDA:81,0,1,0
BRDA:81,1,0,3
BRDA:81,1,1,3
BRF:4
BRH:3
end_of_record
TN:
SF:src\database\models\permission-events.model.ts
FNF:0
FNH:0
DA:1,3
DA:4,3
DA:6,3
DA:9,3
DA:12,3
DA:15,3
DA:18,3
DA:21,3
DA:24,3
DA:27,3
DA:30,3
DA:33,3
LF:12
LH:12
BRDA:33,0,0,3
BRDA:33,0,1,0
BRDA:33,1,0,3
BRDA:33,1,1,3
BRF:4
BRH:3
end_of_record
TN:
SF:src\database\models\platform-users.model.ts
FNF:0
FNH:0
DA:1,3
DA:4,3
DA:6,3
DA:9,3
DA:12,3
DA:15,3
DA:18,3
DA:21,3
DA:24,3
DA:27,3
DA:30,3
LF:11
LH:11
BRDA:24,0,0,3
BRDA:24,0,1,0
BRDA:24,1,0,3
BRDA:24,1,1,3
BRF:4
BRH:3
end_of_record
TN:
SF:src\database\models\privacy-processing-purposes.model.ts
FNF:0
FNH:0
DA:1,3
DA:4,3
DA:6,3
DA:9,3
DA:12,3
DA:15,3
DA:18,3
DA:21,3
DA:24,3
DA:27,3
DA:30,3
LF:11
LH:11
BRDA:27,0,0,3
BRDA:27,0,1,0
BRDA:27,1,0,3
BRDA:27,1,1,3
BRF:4
BRH:3
end_of_record
TN:
SF:src\database\models\retention-policies.model.ts
FNF:0
FNH:0
DA:1,3
DA:4,3
DA:6,3
DA:9,3
DA:12,3
DA:15,3
DA:18,3
DA:21,3
DA:24,3
DA:27,3
DA:30,3
DA:33,3
LF:12
LH:12
BRDA:30,0,0,3
BRDA:30,0,1,0
BRDA:30,1,0,3
BRDA:30,1,1,3
BRF:4
BRH:3
end_of_record
TN:
SF:src\database\models\risk-assessment-contexts.model.ts
FNF:0
FNH:0
DA:1,3
DA:4,3
DA:6,3
DA:9,3
DA:12,3
DA:15,3
DA:18,3
DA:21,3
DA:24,3
DA:27,3
DA:30,3
DA:33,3
DA:36,3
DA:39,3
DA:42,3
DA:45,3
DA:48,3
DA:51,3
DA:54,3
DA:57,3
DA:60,3
DA:63,3
DA:66,3
DA:69,3
DA:72,3
DA:75,3
LF:26
LH:26
BRDA:75,0,0,3
BRDA:75,0,1,0
BRDA:75,1,0,3
BRDA:75,1,1,3
BRF:4
BRH:3
end_of_record
TN:
SF:src\database\models\risk-assessment-result.model.ts
FNF:0
FNH:0
DA:1,0
DA:4,0
DA:6,0
DA:9,0
DA:12,0
DA:15,0
DA:18,0
DA:21,0
DA:24,0
DA:27,0
DA:30,0
DA:33,0
DA:36,0
DA:39,0
DA:42,0
DA:45,0
DA:48,0
DA:51,0
DA:54,0
DA:57,0
DA:60,0
DA:63,0
DA:66,0
DA:69,0
DA:72,0
DA:75,0
DA:78,0
DA:81,0
LF:28
LH:0
BRDA:81,0,0,0
BRDA:81,0,1,0
BRDA:81,1,0,0
BRDA:81,1,1,0
BRF:4
BRH:0
end_of_record
TN:
SF:src\database\models\risk-assessment-results.model.ts
FNF:0
FNH:0
DA:1,3
DA:4,3
DA:6,3
DA:9,3
DA:12,3
DA:15,3
DA:18,3
DA:21,3
DA:24,3
DA:27,3
DA:30,3
DA:33,3
DA:36,3
DA:39,3
DA:42,3
DA:45,3
DA:48,3
DA:51,3
DA:54,3
DA:57,3
DA:60,3
DA:63,3
DA:66,3
DA:69,3
DA:72,3
DA:75,3
DA:78,3
DA:81,3
LF:28
LH:28
BRDA:81,0,0,3
BRDA:81,0,1,0
BRDA:81,1,0,3
BRDA:81,1,1,3
BRF:4
BRH:3
end_of_record
TN:
SF:src\database\models\risk-assessment-runs.model.ts
FNF:0
FNH:0
DA:1,3
DA:4,3
DA:6,3
DA:9,3
DA:12,3
DA:15,3
DA:18,3
DA:21,3
DA:24,3
DA:27,3
DA:30,3
DA:33,3
DA:36,3
DA:39,3
DA:42,3
DA:45,3
DA:48,3
DA:51,3
DA:54,3
DA:57,3
DA:60,3
LF:21
LH:21
BRDA:60,0,0,3
BRDA:60,0,1,0
BRDA:60,1,0,3
BRDA:60,1,1,3
BRF:4
BRH:3
end_of_record
TN:
SF:src\database\models\risk-feature-contributions.model.ts
FNF:0
FNH:0
DA:1,3
DA:4,3
DA:6,3
DA:9,3
DA:12,3
DA:15,3
DA:18,3
DA:21,3
DA:24,3
DA:27,3
DA:30,3
DA:33,3
LF:12
LH:12
BRDA:33,0,0,3
BRDA:33,0,1,0
BRDA:33,1,0,3
BRDA:33,1,1,3
BRF:4
BRH:3
end_of_record
TN:
SF:src\database\models\risk-model-versions.model.ts
FNF:0
FNH:0
DA:1,3
DA:4,3
DA:6,3
DA:9,3
DA:12,3
DA:15,3
DA:18,3
DA:21,3
DA:24,3
DA:27,3
DA:30,3
DA:33,3
DA:36,3
DA:39,3
DA:42,3
LF:15
LH:15
BRDA:42,0,0,3
BRDA:42,0,1,0
BRDA:42,1,0,3
BRDA:42,1,1,3
BRF:4
BRH:3
end_of_record
TN:
SF:src\database\models\risk-policy-rules.model.ts
FNF:0
FNH:0
DA:1,3
DA:4,3
DA:6,3
DA:9,3
DA:12,3
DA:15,3
DA:18,3
DA:21,3
DA:24,3
DA:27,3
DA:30,3
DA:33,3
DA:36,3
DA:39,3
LF:14
LH:14
BRDA:39,0,0,3
BRDA:39,0,1,0
BRDA:39,1,0,3
BRDA:39,1,1,3
BRF:4
BRH:3
end_of_record
TN:
SF:src\database\models\risk-rules-fired.model.ts
FNF:0
FNH:0
DA:1,3
DA:4,3
DA:6,3
DA:9,3
DA:12,3
DA:15,3
DA:18,3
DA:21,3
DA:24,3
DA:27,3
DA:30,3
DA:33,3
DA:36,3
DA:39,3
DA:42,3
DA:45,3
LF:16
LH:16
BRDA:45,0,0,3
BRDA:45,0,1,0
BRDA:45,1,0,3
BRDA:45,1,1,3
BRF:4
BRH:3
end_of_record
TN:
SF:src\database\models\risk-ruleset-versions.model.ts
FNF:0
FNH:0
DA:1,3
DA:4,3
DA:6,3
DA:9,3
DA:12,3
DA:15,3
DA:18,3
DA:21,3
DA:24,3
DA:27,3
DA:30,3
DA:33,3
LF:12
LH:12
BRDA:33,0,0,3
BRDA:33,0,1,0
BRDA:33,1,0,3
BRDA:33,1,1,3
BRF:4
BRH:3
end_of_record
TN:
SF:src\database\models\risk-signal-seeds.model.ts
FNF:0
FNH:0
DA:1,3
DA:4,3
DA:6,3
DA:9,3
DA:12,3
DA:15,3
DA:18,3
DA:21,3
DA:24,3
DA:27,3
DA:30,3
DA:33,3
DA:36,3
DA:39,3
DA:42,3
DA:45,3
DA:48,3
LF:17
LH:17
BRDA:45,0,0,3
BRDA:45,0,1,0
BRDA:45,1,0,3
BRDA:45,1,1,3
BRF:4
BRH:3
end_of_record
TN:
SF:src\database\models\schema-constraint-notes.model.ts
FNF:0
FNH:0
DA:1,3
DA:4,3
DA:6,3
DA:9,3
DA:12,3
DA:15,3
DA:18,3
DA:21,3
DA:24,3
DA:27,3
DA:30,3
LF:11
LH:11
BRDA:27,0,0,3
BRDA:27,0,1,0
BRDA:27,1,0,3
BRDA:27,1,1,3
BRF:4
BRH:3
end_of_record
TN:
SF:src\database\models\sensitive-field-rules.model.ts
FNF:0
FNH:0
DA:1,3
DA:4,3
DA:6,3
DA:9,3
DA:12,3
DA:15,3
DA:18,3
DA:21,3
DA:24,3
DA:27,3
DA:30,3
DA:33,3
DA:36,3
DA:39,3
LF:14
LH:14
BRDA:36,0,0,3
BRDA:36,0,1,0
BRDA:36,1,0,3
BRDA:36,1,1,3
BRF:4
BRH:3
end_of_record
TN:
SF:src\database\models\sim-observations.model.ts
FNF:0
FNH:0
DA:1,3
DA:4,3
DA:6,3
DA:9,3
DA:12,3
DA:15,3
DA:18,3
DA:21,3
DA:24,3
DA:27,3
DA:30,3
DA:33,3
DA:36,3
DA:39,3
DA:42,3
DA:45,3
DA:48,3
DA:51,3
DA:54,3
LF:19
LH:19
BRDA:54,0,0,3
BRDA:54,0,1,0
BRDA:54,1,0,3
BRDA:54,1,1,3
BRF:4
BRH:3
end_of_record
TN:
SF:src\database\models\system-job-runs.model.ts
FNF:0
FNH:0
DA:1,3
DA:4,3
DA:6,3
DA:9,3
DA:12,3
DA:15,3
DA:18,3
DA:21,3
DA:24,3
DA:27,3
DA:30,3
DA:33,3
DA:36,3
DA:39,3
LF:14
LH:14
BRDA:39,0,0,3
BRDA:39,0,1,0
BRDA:39,1,0,3
BRDA:39,1,1,3
BRF:4
BRH:3
end_of_record
TN:
SF:src\database\models\tenant.model.ts
FNF:0
FNH:0
DA:1,0
DA:4,0
DA:6,0
DA:9,0
DA:12,0
DA:15,0
DA:18,0
DA:21,0
LF:8
LH:0
BRF:0
BRH:0
end_of_record
TN:
SF:src\database\models\tenants.model.ts
FNF:0
FNH:0
DA:1,3
DA:4,3
DA:6,3
DA:9,3
DA:12,3
DA:15,3
DA:18,3
DA:21,3
DA:24,3
DA:27,3
LF:10
LH:10
BRDA:21,0,0,3
BRDA:21,0,1,0
BRDA:21,1,0,3
BRDA:21,1,1,3
BRF:4
BRH:3
end_of_record
TN:
SF:src\database\models\user-notification-preferences.model.ts
FNF:0
FNH:0
DA:1,3
DA:4,3
DA:6,3
DA:9,3
DA:12,3
DA:15,3
DA:18,3
DA:21,3
DA:24,3
DA:27,3
DA:30,3
LF:11
LH:11
BRDA:27,0,0,3
BRDA:27,0,1,0
BRDA:27,1,0,3
BRDA:27,1,1,3
BRF:4
BRH:3
end_of_record
TN:
SF:src\database\models\watchlist-entries.model.ts
FNF:0
FNH:0
DA:1,3
DA:4,3
DA:6,3
DA:9,3
DA:12,3
DA:15,3
DA:18,3
DA:21,3
DA:24,3
DA:27,3
DA:30,3
DA:33,3
DA:36,3
DA:39,3
DA:42,3
DA:45,3
DA:48,3
DA:51,3
DA:54,3
DA:57,3
LF:20
LH:20
BRDA:51,0,0,3
BRDA:51,0,1,0
BRDA:51,1,0,3
BRDA:51,1,1,3
BRF:4
BRH:3
end_of_record
TN:
SF:src\database\models\watchlist-matches.model.ts
FNF:0
FNH:0
DA:1,3
DA:4,3
DA:6,3
DA:9,3
DA:12,3
DA:15,3
DA:18,3
DA:21,3
DA:24,3
DA:27,3
DA:30,3
DA:33,3
DA:36,3
DA:39,3
DA:42,3
DA:45,3
LF:16
LH:16
BRDA:45,0,0,3
BRDA:45,0,1,0
BRDA:45,1,0,3
BRDA:45,1,1,3
BRF:4
BRH:3
end_of_record
TN:
SF:src\modules\audit\audit.controller.ts
FN:16,(anonymous_4)
FN:19,(anonymous_5)
FNF:2
FNH:0
FNDA:0,(anonymous_4)
FNDA:0,(anonymous_5)
DA:1,0
DA:2,0
DA:3,0
DA:4,0
DA:5,0
DA:6,0
DA:7,0
DA:8,0
DA:9,0
DA:15,0
DA:16,0
DA:19,0
DA:24,0
LF:13
LH:0
BRDA:24,0,0,0
BRDA:24,0,1,0
BRDA:21,1,0,0
BRDA:21,1,1,0
BRDA:21,2,0,0
BRDA:21,2,1,0
BRDA:21,3,0,0
BRDA:21,3,1,0
BRDA:21,4,0,0
BRDA:21,4,1,0
BRDA:16,5,0,0
BRDA:16,5,1,0
BRDA:16,6,0,0
BRDA:16,6,1,0
BRF:14
BRH:0
end_of_record
TN:
SF:src\modules\audit\audit.repository.ts
FN:24,buildDateWhere
FN:58,(anonymous_5)
FN:69,(anonymous_6)
FN:85,(anonymous_7)
FN:101,(anonymous_8)
FN:117,(anonymous_9)
FN:133,(anonymous_10)
FN:149,(anonymous_11)
FN:158,(anonymous_12)
FNF:9
FNH:0
FNDA:0,buildDateWhere
FNDA:0,(anonymous_5)
FNDA:0,(anonymous_6)
FNDA:0,(anonymous_7)
FNDA:0,(anonymous_8)
FNDA:0,(anonymous_9)
FNDA:0,(anonymous_10)
FNDA:0,(anonymous_11)
FNDA:0,(anonymous_12)
DA:1,0
DA:2,0
DA:3,0
DA:4,0
DA:25,0
DA:26,0
DA:27,0
DA:28,0
DA:29,0
DA:57,0
DA:59,0
DA:60,0
DA:61,0
DA:62,0
DA:63,0
DA:64,0
DA:65,0
DA:66,0
DA:70,0
DA:71,0
DA:74,0
DA:75,0
DA:76,0
DA:78,0
DA:79,0
DA:84,0
DA:85,0
DA:94,0
DA:95,0
DA:100,0
DA:101,0
DA:110,0
DA:111,0
DA:116,0
DA:117,0
DA:126,0
DA:127,0
DA:132,0
DA:133,0
DA:142,0
DA:143,0
DA:148,0
DA:149,0
DA:158,0
LF:44
LH:0
BRDA:25,0,0,0
BRDA:25,1,0,0
BRDA:25,1,1,0
BRDA:27,2,0,0
BRDA:28,3,0,0
BRDA:78,4,0,0
BRDA:78,5,0,0
BRDA:78,5,1,0
BRDA:80,6,0,0
BRDA:80,6,1,0
BRDA:87,7,0,0
BRDA:87,7,1,0
BRDA:89,8,0,0
BRDA:89,8,1,0
BRDA:94,9,0,0
BRDA:94,10,0,0
BRDA:94,10,1,0
BRDA:96,11,0,0
BRDA:96,11,1,0
BRDA:103,12,0,0
BRDA:103,12,1,0
BRDA:105,13,0,0
BRDA:105,13,1,0
BRDA:110,14,0,0
BRDA:110,15,0,0
BRDA:110,15,1,0
BRDA:112,16,0,0
BRDA:112,16,1,0
BRDA:119,17,0,0
BRDA:119,17,1,0
BRDA:121,18,0,0
BRDA:121,18,1,0
BRDA:126,19,0,0
BRDA:126,20,0,0
BRDA:126,20,1,0
BRDA:128,21,0,0
BRDA:128,21,1,0
BRDA:135,22,0,0
BRDA:135,22,1,0
BRDA:142,23,0,0
BRDA:144,24,0,0
BRDA:144,24,1,0
BRDA:151,25,0,0
BRDA:151,25,1,0
BRDA:153,26,0,0
BRDA:153,26,1,0
BRF:46
BRH:0
end_of_record
TN:
SF:src\modules\audit\audit.schemas.ts
FNF:0
FNH:0
DA:1,0
DA:3,0
DA:4,0
LF:3
LH:0
BRF:0
BRH:0
end_of_record
TN:
SF:src\modules\audit\audit.service.ts
FN:8,(anonymous_2)
FN:10,(anonymous_3)
FN:15,(anonymous_4)
FNF:3
FNH:0
FNDA:0,(anonymous_2)
FNDA:0,(anonymous_3)
FNDA:0,(anonymous_4)
DA:1,0
DA:2,0
DA:3,0
DA:7,0
DA:8,0
DA:11,0
DA:12,0
DA:13,0
DA:14,0
DA:15,0
LF:10
LH:0
BRDA:8,0,0,0
BRDA:8,0,1,0
BRDA:8,1,0,0
BRDA:8,1,1,0
BRF:4
BRH:0
end_of_record
TN:
SF:src\modules\audit\http-action-log.service.ts
FN:22,(anonymous_4)
FN:27,(anonymous_5)
FNF:2
FNH:0
FNDA:0,(anonymous_4)
FNDA:0,(anonymous_5)
DA:1,0
DA:2,0
DA:3,0
DA:4,0
DA:21,0
DA:24,0
DA:28,0
LF:7
LH:0
BRF:0
BRH:0
end_of_record
TN:
SF:src\modules\auth\auth.controller.ts
FN:28,firstHeader
FN:33,userAgentFrom
FN:47,(anonymous_6)
FN:56,(anonymous_7)
FN:74,(anonymous_8)
FN:86,(anonymous_9)
FN:102,(anonymous_10)
FNF:7
FNH:0
FNDA:0,firstHeader
FNDA:0,userAgentFrom
FNDA:0,(anonymous_6)
FNDA:0,(anonymous_7)
FNDA:0,(anonymous_8)
FNDA:0,(anonymous_9)
FNDA:0,(anonymous_10)
DA:1,0
DA:2,0
DA:3,0
DA:4,0
DA:5,0
DA:6,0
DA:7,0
DA:8,0
DA:9,0
DA:10,0
DA:11,0
DA:12,0
DA:29,0
DA:30,0
DA:34,0
DA:46,0
DA:47,0
DA:56,0
DA:61,0
DA:62,0
DA:74,0
DA:75,0
DA:86,0
DA:87,0
DA:102,0
DA:106,0
LF:26
LH:0
BRDA:29,0,0,0
BRDA:29,1,0,0
BRDA:29,1,1,0
BRDA:30,2,0,0
BRDA:30,2,1,0
BRDA:61,3,0,0
BRDA:61,3,1,0
BRDA:65,4,0,0
BRDA:65,4,1,0
BRDA:77,5,0,0
BRDA:77,5,1,0
BRDA:58,6,0,0
BRDA:58,6,1,0
BRDA:58,7,0,0
BRDA:58,7,1,0
BRDA:74,8,0,0
BRDA:74,8,1,0
BRDA:74,9,0,0
BRDA:74,9,1,0
BRDA:86,10,0,0
BRDA:86,10,1,0
BRDA:86,11,0,0
BRDA:86,11,1,0
BRDA:103,12,0,0
BRDA:103,12,1,0
BRDA:103,13,0,0
BRDA:103,13,1,0
BRDA:103,14,0,0
BRDA:103,14,1,0
BRDA:103,15,0,0
BRDA:103,15,1,0
BRDA:47,16,0,0
BRDA:47,16,1,0
BRDA:47,17,0,0
BRDA:47,17,1,0
BRF:35
BRH:0
end_of_record
TN:
SF:src\modules\auth\auth.repository.ts
FN:10,(anonymous_4)
FN:17,(anonymous_5)
FN:21,(anonymous_6)
FN:25,(anonymous_7)
FN:29,(anonymous_8)
FN:33,(anonymous_9)
FN:37,(anonymous_10)
FN:64,(anonymous_11)
FN:74,(anonymous_12)
FN:83,(anonymous_13)
FN:90,(anonymous_14)
FN:115,(anonymous_15)
FN:119,(anonymous_16)
FN:126,(anonymous_17)
FNF:14
FNH:0
FNDA:0,(anonymous_4)
FNDA:0,(anonymous_5)
FNDA:0,(anonymous_6)
FNDA:0,(anonymous_7)
FNDA:0,(anonymous_8)
FNDA:0,(anonymous_9)
FNDA:0,(anonymous_10)
FNDA:0,(anonymous_11)
FNDA:0,(anonymous_12)
FNDA:0,(anonymous_13)
FNDA:0,(anonymous_14)
FNDA:0,(anonymous_15)
FNDA:0,(anonymous_16)
FNDA:0,(anonymous_17)
DA:1,2
DA:2,2
DA:3,2
DA:4,2
DA:9,2
DA:11,0
DA:12,0
DA:13,0
DA:14,0
DA:18,0
DA:22,0
DA:26,0
DA:30,0
DA:34,0
DA:46,0
DA:47,0
DA:65,0
DA:66,0
DA:67,0
DA:68,0
DA:70,0
DA:71,0
DA:75,0
DA:76,0
DA:77,0
DA:78,0
DA:79,0
DA:80,0
DA:84,0
DA:85,0
DA:86,0
DA:87,0
DA:99,0
DA:116,0
DA:120,0
DA:121,0
DA:122,0
DA:123,0
DA:127,0
LF:39
LH:5
BRDA:44,0,0,0
BRDA:66,1,0,0
BRDA:122,2,0,0
BRF:3
BRH:0
end_of_record
TN:
SF:src\modules\auth\auth.schemas.ts
FNF:0
FNH:0
DA:1,0
DA:3,0
DA:5,0
DA:15,0
DA:21,0
DA:28,0
LF:6
LH:0
BRF:0
BRH:0
end_of_record
TN:
SF:src\modules\auth\auth.service.ts
FN:37,isKnownRole
FN:49,(anonymous_4)
FN:54,(anonymous_5)
FN:85,(anonymous_6)
FN:104,(anonymous_7)
FN:125,(anonymous_8)
FN:165,(anonymous_9)
FN:204,(anonymous_10)
FN:220,(anonymous_11)
FN:255,(anonymous_12)
FNF:10
FNH:9
FNDA:0,isKnownRole
FNDA:15,(anonymous_4)
FNDA:5,(anonymous_5)
FNDA:2,(anonymous_6)
FNDA:2,(anonymous_7)
FNDA:5,(anonymous_8)
FNDA:4,(anonymous_9)
FNDA:2,(anonymous_10)
FNDA:3,(anonymous_11)
FNDA:3,(anonymous_12)
DA:1,1
DA:2,1
DA:3,1
DA:5,1
DA:6,1
DA:7,1
DA:8,1
DA:9,1
DA:25,1
DA:38,0
DA:48,1
DA:50,15
DA:51,15
DA:55,5
DA:56,5
DA:57,5
DA:61,5
DA:62,3
DA:65,0
DA:70,0
DA:71,0
DA:72,0
DA:74,0
DA:78,0
DA:79,0
DA:80,0
DA:82,0
DA:86,2
DA:96,2
DA:101,2
DA:111,2
DA:112,2
DA:113,2
DA:122,2
DA:126,5
DA:131,5
DA:133,5
DA:135,3
DA:136,3
DA:138,3
DA:139,1
DA:142,2
DA:143,2
DA:144,1
DA:148,1
DA:151,1
DA:153,1
DA:154,1
DA:162,1
DA:166,4
DA:167,4
DA:169,4
DA:170,2
DA:173,2
DA:174,2
DA:175,2
DA:176,0
DA:183,2
DA:184,2
DA:185,1
DA:191,1
DA:198,1
DA:200,1
DA:201,1
DA:205,2
DA:206,2
DA:207,2
DA:208,1
DA:210,0
DA:211,0
DA:212,0
DA:213,0
DA:215,0
DA:216,0
DA:217,0
DA:221,3
DA:222,3
DA:223,3
DA:225,1
DA:228,2
DA:229,1
DA:230,1
DA:231,1
DA:236,1
DA:239,1
DA:242,2
DA:256,3
DA:257,1
DA:260,2
DA:261,0
DA:265,2
DA:269,2
DA:270,0
DA:273,2
DA:274,2
DA:275,1
DA:278,1
DA:279,1
DA:280,1
DA:287,1
LF:100
LH:80
BRDA:55,0,0,5
BRDA:61,1,0,2
BRDA:61,2,0,5
BRDA:61,2,1,4
BRDA:65,3,0,0
BRDA:71,4,0,0
BRDA:71,5,0,0
BRDA:71,5,1,0
BRDA:71,5,2,0
BRDA:71,5,3,0
BRDA:79,6,0,0
BRDA:79,7,0,0
BRDA:79,7,1,0
BRDA:79,7,2,0
BRDA:79,7,3,0
BRDA:90,8,0,2
BRDA:90,8,1,0
BRDA:91,9,0,2
BRDA:91,9,1,0
BRDA:92,10,0,0
BRDA:92,10,1,2
BRDA:93,11,0,0
BRDA:93,11,1,2
BRDA:133,12,0,2
BRDA:136,13,0,0
BRDA:138,14,0,1
BRDA:138,15,0,3
BRDA:138,15,1,1
BRDA:143,16,0,1
BRDA:169,17,0,2
BRDA:169,18,0,4
BRDA:169,18,1,3
BRDA:175,19,0,0
BRDA:184,20,0,1
BRDA:205,21,0,2
BRDA:206,22,0,2
BRDA:206,22,1,0
BRDA:207,23,0,1
BRDA:207,24,0,2
BRDA:207,24,1,2
BRDA:210,25,0,0
BRDA:212,26,0,0
BRDA:212,27,0,0
BRDA:212,27,1,0
BRDA:212,27,2,0
BRDA:212,27,3,0
BRDA:216,28,0,0
BRDA:216,29,0,0
BRDA:216,29,1,0
BRDA:216,29,2,0
BRDA:216,29,3,0
BRDA:223,30,0,1
BRDA:228,31,0,1
BRDA:228,31,1,1
BRDA:231,32,0,1
BRDA:256,33,0,1
BRDA:256,34,0,3
BRDA:256,34,1,2
BRDA:260,35,0,0
BRDA:265,36,0,2
BRDA:265,36,1,0
BRDA:269,37,0,0
BRDA:274,38,0,1
BRDA:278,39,0,1
BRDA:278,39,1,0
BRDA:50,40,0,1
BRDA:50,40,1,0
BRDA:50,41,0,1
BRDA:50,41,1,1
BRDA:50,42,0,1
BRDA:50,42,1,0
BRDA:50,43,0,1
BRDA:50,43,1,1
BRF:73
BRH:38
end_of_record
TN:
SF:src\modules\catalog-management\catalog-management.controller.ts
FN:67,firstHeader
FN:72,contextFrom
FN:81,requireIdempotencyHeader
FN:90,(anonymous_7)
FN:93,(anonymous_8)
FN:101,(anonymous_9)
FN:110,(anonymous_10)
FN:129,(anonymous_11)
FN:149,(anonymous_12)
FN:169,(anonymous_13)
FN:182,(anonymous_14)
FN:194,(anonymous_15)
FN:203,(anonymous_16)
FN:215,(anonymous_17)
FN:221,(anonymous_18)
FN:234,(anonymous_19)
FN:252,(anonymous_20)
FN:258,(anonymous_21)
FNF:18
FNH:0
FNDA:0,firstHeader
FNDA:0,contextFrom
FNDA:0,requireIdempotencyHeader
FNDA:0,(anonymous_7)
FNDA:0,(anonymous_8)
FNDA:0,(anonymous_9)
FNDA:0,(anonymous_10)
FNDA:0,(anonymous_11)
FNDA:0,(anonymous_12)
FNDA:0,(anonymous_13)
FNDA:0,(anonymous_14)
FNDA:0,(anonymous_15)
FNDA:0,(anonymous_16)
FNDA:0,(anonymous_17)
FNDA:0,(anonymous_18)
FNDA:0,(anonymous_19)
FNDA:0,(anonymous_20)
FNDA:0,(anonymous_21)
DA:1,0
DA:15,0
DA:16,0
DA:17,0
DA:18,0
DA:19,0
DA:20,0
DA:21,0
DA:22,0
DA:23,0
DA:24,0
DA:68,0
DA:69,0
DA:73,0
DA:82,0
DA:89,0
DA:90,0
DA:93,0
DA:97,0
DA:101,0
DA:105,0
DA:110,0
DA:118,0
DA:119,0
DA:129,0
DA:137,0
DA:138,0
DA:149,0
DA:157,0
DA:158,0
DA:169,0
DA:176,0
DA:177,0
DA:182,0
DA:189,0
DA:190,0
DA:194,0
DA:198,0
DA:203,0
DA:210,0
DA:211,0
DA:215,0
DA:216,0
DA:221,0
DA:228,0
DA:229,0
DA:234,0
DA:242,0
DA:243,0
DA:252,0
DA:253,0
DA:258,0
DA:265,0
DA:266,0
LF:54
LH:0
BRDA:68,0,0,0
BRDA:68,1,0,0
BRDA:68,1,1,0
BRDA:69,2,0,0
BRDA:69,2,1,0
BRDA:74,3,0,0
BRDA:74,3,1,0
BRDA:75,4,0,0
BRDA:75,4,1,0
BRDA:82,5,0,0
BRDA:94,6,0,0
BRDA:94,6,1,0
BRDA:94,7,0,0
BRDA:94,7,1,0
BRDA:94,8,0,0
BRDA:94,8,1,0
BRDA:94,9,0,0
BRDA:94,9,1,0
BRDA:102,10,0,0
BRDA:102,10,1,0
BRDA:102,11,0,0
BRDA:102,11,1,0
BRDA:102,12,0,0
BRDA:102,12,1,0
BRDA:102,13,0,0
BRDA:102,13,1,0
BRDA:113,14,0,0
BRDA:113,14,1,0
BRDA:113,15,0,0
BRDA:113,15,1,0
BRDA:113,16,0,0
BRDA:113,16,1,0
BRDA:113,17,0,0
BRDA:113,17,1,0
BRDA:114,18,0,0
BRDA:114,18,1,0
BRDA:114,19,0,0
BRDA:114,19,1,0
BRDA:132,20,0,0
BRDA:132,20,1,0
BRDA:132,21,0,0
BRDA:132,21,1,0
BRDA:132,22,0,0
BRDA:132,22,1,0
BRDA:132,23,0,0
BRDA:132,23,1,0
BRDA:133,24,0,0
BRDA:133,24,1,0
BRDA:133,25,0,0
BRDA:133,25,1,0
BRDA:152,26,0,0
BRDA:152,26,1,0
BRDA:152,27,0,0
BRDA:152,27,1,0
BRDA:152,28,0,0
BRDA:152,28,1,0
BRDA:152,29,0,0
BRDA:152,29,1,0
BRDA:153,30,0,0
BRDA:153,30,1,0
BRDA:153,31,0,0
BRDA:153,31,1,0
BRDA:172,32,0,0
BRDA:172,32,1,0
BRDA:172,33,0,0
BRDA:172,33,1,0
BRDA:172,34,0,0
BRDA:172,34,1,0
BRDA:172,35,0,0
BRDA:172,35,1,0
BRDA:185,36,0,0
BRDA:185,36,1,0
BRDA:185,37,0,0
BRDA:185,37,1,0
BRDA:185,38,0,0
BRDA:185,38,1,0
BRDA:185,39,0,0
BRDA:185,39,1,0
BRDA:195,40,0,0
BRDA:195,40,1,0
BRDA:195,41,0,0
BRDA:195,41,1,0
BRDA:195,42,0,0
BRDA:195,42,1,0
BRDA:195,43,0,0
BRDA:195,43,1,0
BRDA:206,44,0,0
BRDA:206,44,1,0
BRDA:206,45,0,0
BRDA:206,45,1,0
BRDA:206,46,0,0
BRDA:206,46,1,0
BRDA:206,47,0,0
BRDA:206,47,1,0
BRDA:215,48,0,0
BRDA:215,48,1,0
BRDA:215,49,0,0
BRDA:215,49,1,0
BRDA:224,50,0,0
BRDA:224,50,1,0
BRDA:224,51,0,0
BRDA:224,51,1,0
BRDA:224,52,0,0
BRDA:224,52,1,0
BRDA:224,53,0,0
BRDA:224,53,1,0
BRDA:237,54,0,0
BRDA:237,54,1,0
BRDA:237,55,0,0
BRDA:237,55,1,0
BRDA:237,56,0,0
BRDA:237,56,1,0
BRDA:237,57,0,0
BRDA:237,57,1,0
BRDA:238,58,0,0
BRDA:238,58,1,0
BRDA:238,59,0,0
BRDA:238,59,1,0
BRDA:252,60,0,0
BRDA:252,60,1,0
BRDA:252,61,0,0
BRDA:252,61,1,0
BRDA:261,62,0,0
BRDA:261,62,1,0
BRDA:261,63,0,0
BRDA:261,63,1,0
BRDA:261,64,0,0
BRDA:261,64,1,0
BRDA:261,65,0,0
BRDA:261,65,1,0
BRDA:90,66,0,0
BRDA:90,66,1,0
BRDA:90,67,0,0
BRDA:90,67,1,0
BRF:134
BRH:0
end_of_record
TN:
SF:src\modules\catalog-management\catalog-management.mapper.ts
FN:24,catalogDto
FN:45,catalogVersionDto
FN:57,contextItemDto
FN:67,(anonymous_3)
FN:74,(anonymous_4)
FN:88,stagingItemDto
FN:102,definitionDtos
FN:109,(anonymous_7)
FN:118,(anonymous_8)
FN:128,(anonymous_9)
FN:138,(anonymous_10)
FN:152,riskPolicyDto
FN:159,(anonymous_12)
FN:169,(anonymous_13)
FN:178,(anonymous_14)
FN:179,(anonymous_15)
FN:191,(anonymous_16)
FN:205,dataGovernanceDto
FN:214,(anonymous_18)
FN:221,(anonymous_19)
FN:229,(anonymous_20)
FN:237,(anonymous_21)
FN:247,(anonymous_22)
FN:257,(anonymous_23)
FNF:24
FNH:0
FNDA:0,catalogDto
FNDA:0,catalogVersionDto
FNDA:0,contextItemDto
FNDA:0,(anonymous_3)
FNDA:0,(anonymous_4)
FNDA:0,stagingItemDto
FNDA:0,definitionDtos
FNDA:0,(anonymous_7)
FNDA:0,(anonymous_8)
FNDA:0,(anonymous_9)
FNDA:0,(anonymous_10)
FNDA:0,riskPolicyDto
FNDA:0,(anonymous_12)
FNDA:0,(anonymous_13)
FNDA:0,(anonymous_14)
FNDA:0,(anonymous_15)
FNDA:0,(anonymous_16)
FNDA:0,dataGovernanceDto
FNDA:0,(anonymous_18)
FNDA:0,(anonymous_19)
FNDA:0,(anonymous_20)
FNDA:0,(anonymous_21)
FNDA:0,(anonymous_22)
FNDA:0,(anonymous_23)
DA:24,0
DA:25,0
DA:45,0
DA:46,0
DA:57,0
DA:58,0
DA:67,0
DA:74,0
DA:88,0
DA:89,0
DA:102,0
DA:108,0
DA:109,0
DA:118,0
DA:128,0
DA:138,0
DA:152,0
DA:158,0
DA:159,0
DA:169,0
DA:178,0
DA:179,0
DA:191,0
DA:205,0
DA:213,0
DA:214,0
DA:221,0
DA:229,0
DA:237,0
DA:247,0
DA:257,0
LF:31
LH:0
BRDA:33,0,0,0
BRDA:33,0,1,0
BRDA:63,1,0,0
BRDA:63,1,1,0
BRDA:64,2,0,0
BRDA:64,2,1,0
BRDA:91,3,0,0
BRDA:91,3,1,0
BRDA:92,4,0,0
BRDA:92,4,1,0
BRDA:95,5,0,0
BRDA:95,5,1,0
BRF:12
BRH:0
end_of_record
TN:
SF:src\modules\catalog-management\catalog-management.repository.ts
FN:63,hashPayload
FN:70,(anonymous_5)
FN:98,(anonymous_6)
FN:107,(anonymous_7)
FN:111,(anonymous_8)
FN:121,(anonymous_9)
FN:125,(anonymous_10)
FN:129,(anonymous_11)
FN:137,(anonymous_12)
FN:146,(anonymous_13)
FN:155,(anonymous_14)
FN:159,(anonymous_15)
FN:179,(anonymous_16)
FN:212,(anonymous_17)
FN:242,(anonymous_18)
FN:266,(anonymous_19)
FN:298,(anonymous_20)
FN:321,(anonymous_21)
FN:346,(anonymous_22)
FN:376,(anonymous_23)
FN:409,(anonymous_24)
FN:413,(anonymous_25)
FN:424,(anonymous_26)
FN:456,(anonymous_27)
FN:459,(anonymous_28)
FN:462,(anonymous_29)
FN:465,(anonymous_30)
FN:469,(anonymous_31)
FN:488,(anonymous_32)
FN:515,(anonymous_33)
FN:523,(anonymous_34)
FN:526,(anonymous_35)
FN:529,(anonymous_36)
FN:532,(anonymous_37)
FN:536,(anonymous_38)
FN:540,(anonymous_39)
FN:552,(anonymous_40)
FN:566,(anonymous_41)
FN:585,(anonymous_42)
FN:588,(anonymous_43)
FN:591,(anonymous_44)
FN:594,(anonymous_45)
FN:597,(anonymous_46)
FN:601,(anonymous_47)
FN:614,(anonymous_48)
FN:634,(anonymous_49)
FNF:46
FNH:0
FNDA:0,hashPayload
FNDA:0,(anonymous_5)
FNDA:0,(anonymous_6)
FNDA:0,(anonymous_7)
FNDA:0,(anonymous_8)
FNDA:0,(anonymous_9)
FNDA:0,(anonymous_10)
FNDA:0,(anonymous_11)
FNDA:0,(anonymous_12)
FNDA:0,(anonymous_13)
FNDA:0,(anonymous_14)
FNDA:0,(anonymous_15)
FNDA:0,(anonymous_16)
FNDA:0,(anonymous_17)
FNDA:0,(anonymous_18)
FNDA:0,(anonymous_19)
FNDA:0,(anonymous_20)
FNDA:0,(anonymous_21)
FNDA:0,(anonymous_22)
FNDA:0,(anonymous_23)
FNDA:0,(anonymous_24)
FNDA:0,(anonymous_25)
FNDA:0,(anonymous_26)
FNDA:0,(anonymous_27)
FNDA:0,(anonymous_28)
FNDA:0,(anonymous_29)
FNDA:0,(anonymous_30)
FNDA:0,(anonymous_31)
FNDA:0,(anonymous_32)
FNDA:0,(anonymous_33)
FNDA:0,(anonymous_34)
FNDA:0,(anonymous_35)
FNDA:0,(anonymous_36)
FNDA:0,(anonymous_37)
FNDA:0,(anonymous_38)
FNDA:0,(anonymous_39)
FNDA:0,(anonymous_40)
FNDA:0,(anonymous_41)
FNDA:0,(anonymous_42)
FNDA:0,(anonymous_43)
FNDA:0,(anonymous_44)
FNDA:0,(anonymous_45)
FNDA:0,(anonymous_46)
FNDA:0,(anonymous_47)
FNDA:0,(anonymous_48)
FNDA:0,(anonymous_49)
DA:1,0
DA:2,0
DA:3,0
DA:4,0
DA:31,0
DA:64,0
DA:65,0
DA:69,0
DA:71,0
DA:72,0
DA:73,0
DA:74,0
DA:75,0
DA:76,0
DA:77,0
DA:78,0
DA:79,0
DA:80,0
DA:81,0
DA:82,0
DA:83,0
DA:84,0
DA:85,0
DA:86,0
DA:87,0
DA:88,0
DA:89,0
DA:90,0
DA:91,0
DA:92,0
DA:93,0
DA:94,0
DA:95,0
DA:99,0
DA:104,0
DA:108,0
DA:112,0
DA:122,0
DA:126,0
DA:130,0
DA:138,0
DA:139,0
DA:147,0
DA:148,0
DA:156,0
DA:163,0
DA:193,0
DA:225,0
DA:253,0
DA:281,0
DA:311,0
DA:312,0
DA:313,0
DA:314,0
DA:315,0
DA:316,0
DA:317,0
DA:318,0
DA:332,0
DA:359,0
DA:390,0
DA:410,0
DA:418,0
DA:419,0
DA:420,0
DA:421,0
DA:425,0
DA:426,0
DA:427,0
DA:453,0
DA:457,0
DA:460,0
DA:463,0
DA:466,0
DA:479,0
DA:480,0
DA:481,0
DA:482,0
DA:484,0
DA:485,0
DA:489,0
DA:512,0
DA:516,0
DA:517,0
DA:524,0
DA:527,0
DA:530,0
DA:533,0
DA:537,0
DA:545,0
DA:546,0
DA:547,0
DA:548,0
DA:549,0
DA:558,0
DA:559,0
DA:563,0
DA:568,0
DA:582,0
DA:586,0
DA:589,0
DA:592,0
DA:595,0
DA:598,0
DA:602,0
DA:606,0
DA:607,0
DA:608,0
DA:610,0
DA:611,0
DA:615,0
DA:635,0
LF:112
LH:0
BRDA:64,0,0,0
BRDA:100,1,0,0
BRDA:100,1,1,0
BRDA:101,2,0,0
BRDA:101,2,1,0
BRDA:102,3,0,0
BRDA:102,3,1,0
BRDA:107,4,0,0
BRDA:121,5,0,0
BRDA:125,6,0,0
BRDA:129,7,0,0
BRDA:137,8,0,0
BRDA:138,9,0,0
BRDA:146,10,0,0
BRDA:147,11,0,0
BRDA:155,12,0,0
BRDA:168,13,0,0
BRDA:168,13,1,0
BRDA:312,14,0,0
BRDA:313,15,0,0
BRDA:314,16,0,0
BRDA:315,17,0,0
BRDA:316,18,0,0
BRDA:317,19,0,0
BRDA:409,20,0,0
BRDA:425,21,0,0
BRDA:425,21,1,0
BRDA:425,22,0,0
BRDA:425,22,1,0
BRDA:426,23,0,0
BRDA:426,23,1,0
BRDA:428,24,0,0
BRDA:428,24,1,0
BRDA:428,25,0,0
BRDA:428,25,1,0
BRDA:430,26,0,0
BRDA:430,26,1,0
BRDA:434,27,0,0
BRDA:434,27,1,0
BRDA:434,28,0,0
BRDA:434,28,1,0
BRDA:436,29,0,0
BRDA:436,29,1,0
BRDA:440,30,0,0
BRDA:440,30,1,0
BRDA:440,31,0,0
BRDA:440,31,1,0
BRDA:442,32,0,0
BRDA:442,32,1,0
BRDA:446,33,0,0
BRDA:446,33,1,0
BRDA:446,34,0,0
BRDA:446,34,1,0
BRDA:448,35,0,0
BRDA:448,35,1,0
BRDA:480,36,0,0
BRDA:516,37,0,0
BRDA:536,38,0,0
BRDA:558,39,0,0
BRDA:606,40,0,0
BRF:60
BRH:0
end_of_record
TN:
SF:src\modules\catalog-management\catalog-management.schemas.ts
FNF:0
FNH:0
DA:1,0
DA:3,0
DA:4,0
DA:9,0
DA:10,0
DA:11,0
DA:13,0
DA:14,0
DA:15,0
DA:21,0
DA:28,0
DA:37,0
DA:51,0
DA:65,0
DA:74,0
DA:79,0
DA:87,0
DA:111,0
DA:131,0
DA:138,0
DA:153,0
DA:218,0
DA:272,0
DA:278,0
LF:24
LH:0
BRF:0
BRH:0
end_of_record
TN:
SF:src\modules\catalog-management\catalog-management.service.ts
FN:45,assertInternal
FN:49,requireIdempotency
FN:53,actorPlatformUserId
FN:57,normalizeAlias
FN:66,auditBase
FN:79,(anonymous_9)
FN:85,(anonymous_10)
FN:89,(anonymous_11)
FN:95,(anonymous_12)
FN:98,(anonymous_13)
FN:105,(anonymous_14)
FN:113,(anonymous_15)
FN:116,(anonymous_16)
FN:117,(anonymous_17)
FN:123,(anonymous_18)
FN:135,(anonymous_19)
FN:262,(anonymous_20)
FN:279,(anonymous_21)
FN:326,(anonymous_22)
FN:352,(anonymous_23)
FN:411,(anonymous_24)
FN:417,(anonymous_25)
FN:488,(anonymous_26)
FN:496,(anonymous_27)
FN:593,(anonymous_28)
FN:598,(anonymous_29)
FN:602,(anonymous_30)
FN:751,(anonymous_31)
FN:754,(anonymous_32)
FN:758,(anonymous_33)
FN:762,(anonymous_34)
FN:873,(anonymous_35)
FN:887,(anonymous_36)
FN:931,(anonymous_37)
FN:936,(anonymous_38)
FN:944,(anonymous_39)
FNF:36
FNH:0
FNDA:0,assertInternal
FNDA:0,requireIdempotency
FNDA:0,actorPlatformUserId
FNDA:0,normalizeAlias
FNDA:0,auditBase
FNDA:0,(anonymous_9)
FNDA:0,(anonymous_10)
FNDA:0,(anonymous_11)
FNDA:0,(anonymous_12)
FNDA:0,(anonymous_13)
FNDA:0,(anonymous_14)
FNDA:0,(anonymous_15)
FNDA:0,(anonymous_16)
FNDA:0,(anonymous_17)
FNDA:0,(anonymous_18)
FNDA:0,(anonymous_19)
FNDA:0,(anonymous_20)
FNDA:0,(anonymous_21)
FNDA:0,(anonymous_22)
FNDA:0,(anonymous_23)
FNDA:0,(anonymous_24)
FNDA:0,(anonymous_25)
FNDA:0,(anonymous_26)
FNDA:0,(anonymous_27)
FNDA:0,(anonymous_28)
FNDA:0,(anonymous_29)
FNDA:0,(anonymous_30)
FNDA:0,(anonymous_31)
FNDA:0,(anonymous_32)
FNDA:0,(anonymous_33)
FNDA:0,(anonymous_34)
FNDA:0,(anonymous_35)
FNDA:0,(anonymous_36)
FNDA:0,(anonymous_37)
FNDA:0,(anonymous_38)
FNDA:0,(anonymous_39)
DA:1,0
DA:9,0
DA:10,0
DA:12,0
DA:13,0
DA:21,0
DA:36,0
DA:46,0
DA:50,0
DA:54,0
DA:58,0
DA:67,0
DA:78,0
DA:81,0
DA:82,0
DA:86,0
DA:87,0
DA:88,0
DA:90,0
DA:91,0
DA:92,0
DA:95,0
DA:99,0
DA:100,0
DA:101,0
DA:102,0
DA:103,0
DA:104,0
DA:105,0
DA:106,0
DA:110,0
DA:114,0
DA:116,0
DA:117,0
DA:129,0
DA:130,0
DA:131,0
DA:132,0
DA:133,0
DA:135,0
DA:136,0
DA:151,0
DA:152,0
DA:153,0
DA:154,0
DA:155,0
DA:156,0
DA:157,0
DA:159,0
DA:172,0
DA:173,0
DA:174,0
DA:186,0
DA:187,0
DA:188,0
DA:206,0
DA:217,0
DA:235,0
DA:251,0
DA:269,0
DA:270,0
DA:271,0
DA:272,0
DA:273,0
DA:274,0
DA:275,0
DA:276,0
DA:277,0
DA:278,0
DA:279,0
DA:280,0
DA:285,0
DA:296,0
DA:307,0
DA:322,0
DA:333,0
DA:334,0
DA:335,0
DA:336,0
DA:337,0
DA:338,0
DA:339,0
DA:341,0
DA:348,0
DA:349,0
DA:350,0
DA:351,0
DA:352,0
DA:353,0
DA:365,0
DA:376,0
DA:387,0
DA:402,0
DA:412,0
DA:413,0
DA:414,0
DA:415,0
DA:416,0
DA:417,0
DA:418,0
DA:419,0
DA:420,0
DA:424,0
DA:437,0
DA:438,0
DA:458,0
DA:469,0
DA:484,0
DA:489,0
DA:490,0
DA:491,0
DA:492,0
DA:493,0
DA:494,0
DA:495,0
DA:496,0
DA:497,0
DA:498,0
DA:499,0
DA:500,0
DA:501,0
DA:502,0
DA:503,0
DA:504,0
DA:505,0
DA:506,0
DA:507,0
DA:508,0
DA:509,0
DA:522,0
DA:523,0
DA:524,0
DA:536,0
DA:537,0
DA:553,0
DA:559,0
DA:560,0
DA:566,0
DA:578,0
DA:589,0
DA:594,0
DA:595,0
DA:599,0
DA:600,0
DA:601,0
DA:602,0
DA:603,0
DA:604,0
DA:605,0
DA:606,0
DA:607,0
DA:608,0
DA:609,0
DA:629,0
DA:630,0
DA:631,0
DA:655,0
DA:656,0
DA:657,0
DA:684,0
DA:685,0
DA:686,0
DA:715,0
DA:726,0
DA:741,0
DA:752,0
DA:753,0
DA:754,0
DA:755,0
DA:759,0
DA:760,0
DA:761,0
DA:762,0
DA:763,0
DA:780,0
DA:794,0
DA:795,0
DA:812,0
DA:813,0
DA:833,0
DA:848,0
DA:863,0
DA:879,0
DA:880,0
DA:881,0
DA:882,0
DA:883,0
DA:884,0
DA:885,0
DA:886,0
DA:887,0
DA:888,0
DA:891,0
DA:896,0
DA:907,0
DA:922,0
DA:932,0
DA:933,0
DA:941,0
DA:942,0
DA:943,0
DA:944,0
DA:945,0
DA:946,0
DA:947,0
DA:948,0
DA:949,0
DA:950,0
DA:951,0
DA:952,0
DA:953,0
DA:967,0
DA:968,0
DA:969,0
DA:984,0
DA:985,0
DA:986,0
DA:1001,0
DA:1002,0
DA:1003,0
DA:1021,0
DA:1022,0
DA:1023,0
DA:1040,0
DA:1041,0
DA:1042,0
DA:1059,0
DA:1070,0
DA:1085,0
LF:229
LH:0
BRDA:46,0,0,0
BRDA:50,1,0,0
BRDA:54,2,0,0
BRDA:54,2,1,0
BRDA:70,3,0,0
BRDA:70,3,1,0
BRDA:91,4,0,0
BRDA:91,5,0,0
BRDA:91,5,1,0
BRDA:101,6,0,0
BRDA:103,7,0,0
BRDA:132,8,0,0
BRDA:141,9,0,0
BRDA:141,9,1,0
BRDA:142,10,0,0
BRDA:142,10,1,0
BRDA:145,11,0,0
BRDA:145,11,1,0
BRDA:155,12,0,0
BRDA:157,13,0,0
BRDA:157,13,1,0
BRDA:167,14,0,0
BRDA:167,14,1,0
BRDA:180,15,0,0
BRDA:180,15,1,0
BRDA:193,16,0,0
BRDA:193,16,1,0
BRDA:195,17,0,0
BRDA:195,17,1,0
BRDA:196,18,0,0
BRDA:196,18,1,0
BRDA:197,19,0,0
BRDA:197,19,1,0
BRDA:197,19,2,0
BRDA:198,20,0,0
BRDA:198,20,1,0
BRDA:198,20,2,0
BRDA:213,21,0,0
BRDA:213,21,1,0
BRDA:229,22,0,0
BRDA:229,22,1,0
BRDA:242,23,0,0
BRDA:242,23,1,0
BRDA:272,24,0,0
BRDA:274,25,0,0
BRDA:275,26,0,0
BRDA:277,27,0,0
BRDA:314,28,0,0
BRDA:314,28,1,0
BRDA:336,29,0,0
BRDA:338,30,0,0
BRDA:341,31,0,0
BRDA:341,31,1,0
BRDA:343,32,0,0
BRDA:343,32,1,0
BRDA:345,33,0,0
BRDA:345,33,1,0
BRDA:348,34,0,0
BRDA:348,35,0,0
BRDA:348,35,1,0
BRDA:348,36,0,0
BRDA:348,36,1,0
BRDA:350,37,0,0
BRDA:350,38,0,0
BRDA:350,38,1,0
BRDA:359,39,0,0
BRDA:359,39,1,0
BRDA:360,40,0,0
BRDA:360,40,1,0
BRDA:361,41,0,0
BRDA:361,41,1,0
BRDA:394,42,0,0
BRDA:394,42,1,0
BRDA:406,43,0,0
BRDA:406,43,1,0
BRDA:415,44,0,0
BRDA:418,45,0,0
BRDA:418,45,1,0
BRDA:442,46,0,0
BRDA:442,46,1,0
BRDA:447,47,0,0
BRDA:447,47,1,0
BRDA:476,48,0,0
BRDA:476,48,1,0
BRDA:492,49,0,0
BRDA:493,50,0,0
BRDA:493,51,0,0
BRDA:493,51,1,0
BRDA:502,52,0,0
BRDA:503,53,0,0
BRDA:503,53,1,0
BRDA:505,54,0,0
BRDA:505,54,1,0
BRDA:506,55,0,0
BRDA:506,55,1,0
BRDA:507,56,0,0
BRDA:507,56,1,0
BRDA:507,57,0,0
BRDA:507,57,1,0
BRDA:508,58,0,0
BRDA:508,59,0,0
BRDA:508,59,1,0
BRDA:515,60,0,0
BRDA:515,60,1,0
BRDA:530,61,0,0
BRDA:530,61,1,0
BRDA:542,62,0,0
BRDA:542,62,1,0
BRDA:544,63,0,0
BRDA:544,63,1,0
BRDA:545,64,0,0
BRDA:545,64,1,0
BRDA:546,65,0,0
BRDA:546,65,1,0
BRDA:547,66,0,0
BRDA:547,66,1,0
BRDA:613,67,0,0
BRDA:613,67,1,0
BRDA:614,68,0,0
BRDA:614,68,1,0
BRDA:617,69,0,0
BRDA:617,69,1,0
BRDA:618,70,0,0
BRDA:618,70,1,0
BRDA:619,71,0,0
BRDA:619,71,1,0
BRDA:620,72,0,0
BRDA:620,72,1,0
BRDA:621,73,0,0
BRDA:621,73,1,0
BRDA:635,74,0,0
BRDA:635,74,1,0
BRDA:636,75,0,0
BRDA:636,75,1,0
BRDA:637,76,0,0
BRDA:637,76,1,0
BRDA:638,77,0,0
BRDA:638,77,1,0
BRDA:639,78,0,0
BRDA:639,78,1,0
BRDA:640,79,0,0
BRDA:640,79,1,0
BRDA:641,80,0,0
BRDA:641,80,1,0
BRDA:642,81,0,0
BRDA:642,81,1,0
BRDA:643,82,0,0
BRDA:643,82,1,0
BRDA:644,83,0,0
BRDA:644,83,1,0
BRDA:646,84,0,0
BRDA:646,84,1,0
BRDA:647,85,0,0
BRDA:647,85,1,0
BRDA:661,86,0,0
BRDA:661,86,1,0
BRDA:662,87,0,0
BRDA:662,87,1,0
BRDA:663,88,0,0
BRDA:663,88,1,0
BRDA:664,89,0,0
BRDA:664,89,1,0
BRDA:665,90,0,0
BRDA:665,90,1,0
BRDA:666,91,0,0
BRDA:666,91,1,0
BRDA:667,92,0,0
BRDA:667,92,1,0
BRDA:668,93,0,0
BRDA:668,93,1,0
BRDA:669,94,0,0
BRDA:669,94,1,0
BRDA:670,95,0,0
BRDA:670,95,1,0
BRDA:671,96,0,0
BRDA:671,96,1,0
BRDA:672,97,0,0
BRDA:672,97,1,0
BRDA:673,98,0,0
BRDA:673,98,1,0
BRDA:675,99,0,0
BRDA:675,99,1,0
BRDA:676,100,0,0
BRDA:676,100,1,0
BRDA:690,101,0,0
BRDA:690,101,1,0
BRDA:691,102,0,0
BRDA:691,102,1,0
BRDA:692,103,0,0
BRDA:692,103,1,0
BRDA:693,104,0,0
BRDA:693,104,1,0
BRDA:694,105,0,0
BRDA:694,105,1,0
BRDA:695,106,0,0
BRDA:695,106,1,0
BRDA:696,107,0,0
BRDA:696,107,1,0
BRDA:697,108,0,0
BRDA:697,108,1,0
BRDA:698,109,0,0
BRDA:698,109,1,0
BRDA:699,110,0,0
BRDA:699,110,1,0
BRDA:700,111,0,0
BRDA:700,111,1,0
BRDA:701,112,0,0
BRDA:701,112,1,0
BRDA:702,113,0,0
BRDA:702,113,1,0
BRDA:703,114,0,0
BRDA:703,114,1,0
BRDA:705,115,0,0
BRDA:705,115,1,0
BRDA:706,116,0,0
BRDA:706,116,1,0
BRDA:707,117,0,0
BRDA:707,117,1,0
BRDA:733,118,0,0
BRDA:733,118,1,0
BRDA:774,119,0,0
BRDA:774,119,1,0
BRDA:775,120,0,0
BRDA:775,120,1,0
BRDA:819,121,0,0
BRDA:819,121,1,0
BRDA:820,122,0,0
BRDA:820,122,1,0
BRDA:821,123,0,0
BRDA:821,123,1,0
BRDA:822,124,0,0
BRDA:822,124,1,0
BRDA:823,125,0,0
BRDA:823,125,1,0
BRDA:825,126,0,0
BRDA:825,126,1,0
BRDA:855,127,0,0
BRDA:855,127,1,0
BRDA:882,128,0,0
BRDA:883,129,0,0
BRDA:883,130,0,0
BRDA:883,130,1,0
BRDA:886,131,0,0
BRDA:886,131,1,0
BRDA:914,132,0,0
BRDA:914,132,1,0
BRDA:957,133,0,0
BRDA:957,133,1,0
BRDA:958,134,0,0
BRDA:958,134,1,0
BRDA:975,135,0,0
BRDA:975,135,1,0
BRDA:976,136,0,0
BRDA:976,136,1,0
BRDA:991,137,0,0
BRDA:991,137,1,0
BRDA:993,138,0,0
BRDA:993,138,1,0
BRDA:1009,139,0,0
BRDA:1009,139,1,0
BRDA:1010,140,0,0
BRDA:1010,140,1,0
BRDA:1014,141,0,0
BRDA:1014,141,1,0
BRDA:1029,142,0,0
BRDA:1029,142,1,0
BRDA:1030,143,0,0
BRDA:1030,143,1,0
BRDA:1031,144,0,0
BRDA:1031,144,1,0
BRDA:1032,145,0,0
BRDA:1032,145,1,0
BRDA:1047,146,0,0
BRDA:1047,146,1,0
BRDA:1051,147,0,0
BRDA:1051,147,1,0
BRDA:1077,148,0,0
BRDA:1077,148,1,0
BRDA:81,149,0,0
BRDA:81,149,1,0
BRDA:81,150,0,0
BRDA:81,150,1,0
BRDA:81,151,0,0
BRDA:81,151,1,0
BRDA:81,152,0,0
BRDA:81,152,1,0
BRF:286
BRH:0
end_of_record
TN:
SF:src\modules\consents\consents.controller.ts
FN:15,(anonymous_4)
FN:19,(anonymous_5)
FNF:2
FNH:0
FNDA:0,(anonymous_4)
FNDA:0,(anonymous_5)
DA:1,0
DA:2,0
DA:3,0
DA:4,0
DA:5,0
DA:6,0
DA:7,0
DA:8,0
DA:9,0
DA:14,0
DA:15,0
DA:19,0
DA:23,0
DA:24,0
LF:14
LH:0
BRDA:23,0,0,0
BRDA:23,0,1,0
BRDA:21,1,0,0
BRDA:21,1,1,0
BRDA:21,2,0,0
BRDA:21,2,1,0
BRDA:15,3,0,0
BRDA:15,3,1,0
BRDA:15,4,0,0
BRDA:15,4,1,0
BRF:10
BRH:0
end_of_record
TN:
SF:src\modules\consents\consents.mapper.ts
FN:4,toIsoOrNull
FN:9,toConsentDocumentResponse
FN:25,toCustomerConsentResponse
FNF:3
FNH:0
FNDA:0,toIsoOrNull
FNDA:0,toConsentDocumentResponse
FNDA:0,toCustomerConsentResponse
DA:5,0
DA:6,0
DA:9,0
DA:10,0
DA:25,0
DA:26,0
LF:6
LH:0
BRDA:5,0,0,0
BRDA:6,1,0,0
BRDA:6,1,1,0
BRDA:30,2,0,0
BRDA:30,2,1,0
BRF:5
BRH:0
end_of_record
TN:
SF:src\modules\consents\consents.repository.ts
FN:12,(anonymous_4)
FN:18,(anonymous_5)
FN:38,(anonymous_6)
FN:53,(anonymous_7)
FN:92,(anonymous_8)
FNF:5
FNH:0
FNDA:0,(anonymous_4)
FNDA:0,(anonymous_5)
FNDA:0,(anonymous_6)
FNDA:0,(anonymous_7)
FNDA:0,(anonymous_8)
DA:1,1
DA:2,1
DA:3,1
DA:4,1
DA:11,1
DA:13,0
DA:14,0
DA:15,0
DA:19,0
DA:20,0
DA:39,0
DA:40,0
DA:70,0
DA:108,0
LF:14
LH:5
BRDA:25,0,0,0
BRDA:25,0,1,0
BRDA:77,1,0,0
BRDA:77,1,1,0
BRDA:78,2,0,0
BRDA:78,2,1,0
BRF:6
BRH:0
end_of_record
TN:
SF:src\modules\consents\consents.schemas.ts
FNF:0
FNH:0
DA:1,0
DA:3,0
LF:2
LH:0
BRF:0
BRH:0
end_of_record
TN:
SF:src\modules\consents\consents.service.ts
FN:9,(anonymous_2)
FN:11,(anonymous_3)
FNF:2
FNH:0
FNDA:0,(anonymous_2)
FNDA:0,(anonymous_3)
DA:1,0
DA:3,0
DA:4,0
DA:8,0
DA:9,0
DA:12,0
DA:13,0
LF:7
LH:0
BRDA:9,0,0,0
BRDA:9,0,1,0
BRDA:9,1,0,0
BRDA:9,1,1,0
BRF:4
BRH:0
end_of_record
TN:
SF:src\modules\customer-onboarding\customer-onboarding.controller.ts
FN:32,requireIdempotencyKey
FN:43,(anonymous_5)
FN:50,(anonymous_6)
FN:64,(anonymous_7)
FN:86,(anonymous_8)
FN:108,(anonymous_9)
FN:130,(anonymous_10)
FNF:7
FNH:0
FNDA:0,requireIdempotencyKey
FNDA:0,(anonymous_5)
FNDA:0,(anonymous_6)
FNDA:0,(anonymous_7)
FNDA:0,(anonymous_8)
FNDA:0,(anonymous_9)
FNDA:0,(anonymous_10)
DA:1,0
DA:2,0
DA:3,0
DA:4,0
DA:5,0
DA:6,0
DA:7,0
DA:8,0
DA:9,0
DA:10,0
DA:11,0
DA:12,0
DA:13,0
DA:33,0
DA:34,0
DA:36,0
DA:42,0
DA:43,0
DA:50,0
DA:57,0
DA:58,0
DA:64,0
DA:72,0
DA:73,0
DA:86,0
DA:94,0
DA:95,0
DA:108,0
DA:116,0
DA:117,0
DA:130,0
DA:138,0
DA:139,0
LF:33
LH:0
BRDA:33,0,0,0
BRDA:57,1,0,0
BRDA:57,1,1,0
BRDA:58,2,0,0
BRDA:58,2,1,0
BRDA:72,3,0,0
BRDA:72,3,1,0
BRDA:78,4,0,0
BRDA:78,4,1,0
BRDA:94,5,0,0
BRDA:94,5,1,0
BRDA:100,6,0,0
BRDA:100,6,1,0
BRDA:116,7,0,0
BRDA:116,7,1,0
BRDA:122,8,0,0
BRDA:122,8,1,0
BRDA:138,9,0,0
BRDA:138,9,1,0
BRDA:144,10,0,0
BRDA:144,10,1,0
BRDA:54,11,0,0
BRDA:54,11,1,0
BRDA:54,12,0,0
BRDA:54,12,1,0
BRDA:67,13,0,0
BRDA:67,13,1,0
BRDA:67,14,0,0
BRDA:67,14,1,0
BRDA:67,15,0,0
BRDA:67,15,1,0
BRDA:67,16,0,0
BRDA:67,16,1,0
BRDA:68,17,0,0
BRDA:68,17,1,0
BRDA:68,18,0,0
BRDA:68,18,1,0
BRDA:89,19,0,0
BRDA:89,19,1,0
BRDA:89,20,0,0
BRDA:89,20,1,0
BRDA:89,21,0,0
[...]
BRDA:232,39,0,0
BRDA:232,39,1,0
BRDA:264,40,0,0
BRDA:264,40,1,0
BRDA:264,41,0,0
BRDA:264,41,1,0
BRDA:266,42,0,0
BRDA:266,42,1,0
BRDA:280,43,0,0
BRDA:293,44,0,0
BRDA:297,45,0,0
BRDA:297,45,1,0
BRDA:299,46,0,0
BRDA:299,46,1,0
BRDA:302,47,0,0
BRDA:302,47,1,0
BRDA:20,48,0,0
BRDA:20,48,1,0
BRDA:20,49,0,0
BRDA:20,49,1,0
BRDA:20,50,0,0
BRDA:20,50,1,0
BRDA:20,51,0,0
BRDA:20,51,1,0
BRDA:21,52,0,0
BRDA:21,52,1,0
BRDA:21,53,0,0
BRDA:21,53,1,0
BRF:98
BRH:0
end_of_record
TN:
SF:src\modules\runtime-hardening\idempotency.interceptor.ts
FN:20,firstHeader
FN:24,tenantScope
FN:28,actorId
FN:32,shouldHandle
FN:38,(anonymous_6)
FN:40,(anonymous_7)
FN:62,(anonymous_8)
FN:72,(anonymous_9)
FN:73,(anonymous_10)
FN:75,(anonymous_11)
FN:77,(anonymous_12)
FN:78,(anonymous_13)
FN:78,(anonymous_14)
FNF:13
FNH:0
FNDA:0,firstHeader
FNDA:0,tenantScope
FNDA:0,actorId
FNDA:0,shouldHandle
FNDA:0,(anonymous_6)
FNDA:0,(anonymous_7)
FNDA:0,(anonymous_8)
FNDA:0,(anonymous_9)
FNDA:0,(anonymous_10)
FNDA:0,(anonymous_11)
FNDA:0,(anonymous_12)
FNDA:0,(anonymous_13)
FNDA:0,(anonymous_14)
DA:1,0
DA:2,0
DA:4,0
DA:21,0
DA:25,0
DA:29,0
DA:33,0
DA:37,0
DA:38,0
DA:41,0
DA:42,0
DA:44,0
DA:45,0
DA:47,0
DA:48,0
DA:49,0
DA:51,0
DA:63,0
DA:64,0
DA:65,0
DA:68,0
DA:73,0
DA:76,0
DA:77,0
DA:78,0
LF:25
LH:0
BRDA:21,0,0,0
BRDA:21,0,1,0
BRDA:21,1,0,0
BRDA:21,1,1,0
BRDA:21,2,0,0
BRDA:21,2,1,0
BRDA:25,3,0,0
BRDA:25,3,1,0
BRDA:25,3,2,0
BRDA:29,4,0,0
BRDA:29,4,1,0
BRDA:29,4,2,0
BRDA:29,4,3,0
BRDA:29,4,4,0
BRDA:42,5,0,0
BRDA:45,6,0,0
BRDA:48,7,0,0
BRDA:48,7,1,0
BRDA:48,7,2,0
BRDA:54,8,0,0
BRDA:54,8,1,0
BRDA:63,9,0,0
BRDA:64,10,0,0
BRDA:64,11,0,0
BRDA:64,11,1,0
BRDA:73,12,0,0
BRDA:73,12,1,0
BRDA:38,13,0,0
BRDA:38,13,1,0
BRDA:38,14,0,0
BRDA:38,14,1,0
BRF:31
BRH:0
end_of_record
TN:
SF:src\modules\runtime-hardening\outbox.interceptor.ts
FN:16,firstHeader
FN:20,shouldHandle
FN:26,(anonymous_4)
FN:28,(anonymous_5)
FN:33,(anonymous_6)
FN:52,(anonymous_7)
FNF:6
FNH:0
FNDA:0,firstHeader
FNDA:0,shouldHandle
FNDA:0,(anonymous_4)
FNDA:0,(anonymous_5)
FNDA:0,(anonymous_6)
FNDA:0,(anonymous_7)
DA:1,0
DA:2,0
DA:4,0
DA:17,0
DA:21,0
DA:25,0
DA:26,0
DA:29,0
DA:30,0
DA:32,0
DA:34,0
DA:38,0
DA:52,0
LF:13
LH:0
BRDA:17,0,0,0
BRDA:17,0,1,0
BRDA:17,1,0,0
BRDA:17,1,1,0
BRDA:17,2,0,0
BRDA:17,2,1,0
BRDA:30,3,0,0
BRDA:34,4,0,0
BRDA:34,4,1,0
BRDA:42,5,0,0
BRDA:42,5,1,0
BRDA:42,5,2,0
BRDA:42,5,3,0
BRDA:43,6,0,0
BRDA:43,6,1,0
BRDA:43,6,2,0
BRDA:46,7,0,0
BRDA:46,7,1,0
BRDA:47,8,0,0
BRDA:47,8,1,0
BRDA:48,9,0,0
BRDA:48,9,1,0
BRDA:48,10,0,0
BRDA:48,10,1,0
BRDA:50,11,0,0
BRDA:50,11,1,0
BRDA:26,12,0,0
BRDA:26,12,1,0
BRDA:26,13,0,0
BRDA:26,13,1,0
BRF:30
BRH:0
end_of_record
TN:
SF:src\modules\runtime-hardening\runtime-hardening.service.ts
FN:13,(anonymous_4)
FN:18,(anonymous_5)
FN:22,(anonymous_6)
FN:70,(anonymous_7)
FN:81,(anonymous_8)
FN:89,(anonymous_9)
FN:115,(anonymous_10)
FN:126,(anonymous_11)
FNF:8
FNH:0
FNDA:0,(anonymous_4)
FNDA:0,(anonymous_5)
FNDA:0,(anonymous_6)
FNDA:0,(anonymous_7)
FNDA:0,(anonymous_8)
FNDA:0,(anonymous_9)
FNDA:0,(anonymous_10)
FNDA:0,(anonymous_11)
DA:1,0
DA:2,0
DA:3,0
DA:4,0
DA:5,0
DA:6,0
DA:12,0
DA:14,0
DA:15,0
DA:19,0
DA:31,0
DA:35,0
DA:36,0
DA:37,0
DA:39,0
DA:40,0
DA:42,0
DA:43,0
DA:45,0
DA:46,0
DA:47,0
DA:48,0
DA:49,0
DA:52,0
DA:67,0
DA:71,0
DA:72,0
DA:73,0
DA:74,0
DA:75,0
DA:76,0
DA:77,0
DA:78,0
DA:82,0
DA:83,0
DA:84,0
DA:85,0
DA:86,0
DA:97,0
DA:98,0
DA:116,0
DA:127,0
DA:128,0
DA:129,0
DA:130,0
DA:131,0
DA:132,0
LF:47
LH:0
BRDA:35,0,0,0
BRDA:36,1,0,0
BRDA:39,2,0,0
BRDA:42,3,0,0
BRDA:42,4,0,0
BRDA:42,4,1,0
BRDA:42,4,2,0
BRDA:129,5,0,0
BRDA:129,5,1,0
BRF:9
BRH:0
end_of_record
TN:
SF:src\modules\runtime-jobs\runtime-jobs.controller.ts
FN:24,requireHeaders
FN:34,(anonymous_5)
FN:38,(anonymous_6)
FN:49,(anonymous_7)
FN:60,(anonymous_8)
FN:71,(anonymous_9)
FN:82,(anonymous_10)
FNF:7
FNH:0
FNDA:0,requireHeaders
FNDA:0,(anonymous_5)
FNDA:0,(anonymous_6)
FNDA:0,(anonymous_7)
FNDA:0,(anonymous_8)
FNDA:0,(anonymous_9)
FNDA:0,(anonymous_10)
DA:1,0
DA:2,0
DA:3,0
DA:4,0
DA:5,0
DA:6,0
DA:7,0
DA:8,0
DA:9,0
DA:10,0
DA:22,0
DA:25,0
DA:26,0
DA:33,0
DA:34,0
DA:38,0
DA:44,0
DA:49,0
DA:55,0
DA:60,0
DA:66,0
DA:71,0
DA:77,0
DA:82,0
DA:88,0
LF:25
LH:0
BRDA:25,0,0,0
BRDA:26,1,0,0
BRDA:26,1,1,0
BRDA:41,2,0,0
BRDA:41,2,1,0
BRDA:41,3,0,0
BRDA:41,3,1,0
BRDA:41,4,0,0
BRDA:41,4,1,0
BRDA:41,5,0,0
BRDA:41,5,1,0
BRDA:52,6,0,0
BRDA:52,6,1,0
BRDA:52,7,0,0
BRDA:52,7,1,0
BRDA:52,8,0,0
BRDA:52,8,1,0
BRDA:52,9,0,0
BRDA:52,9,1,0
BRDA:63,10,0,0
BRDA:63,10,1,0
BRDA:63,11,0,0
BRDA:63,11,1,0
BRDA:63,12,0,0
BRDA:63,12,1,0
BRDA:63,13,0,0
BRDA:63,13,1,0
BRDA:74,14,0,0
BRDA:74,14,1,0
BRDA:74,15,0,0
BRDA:74,15,1,0
BRDA:74,16,0,0
BRDA:74,16,1,0
BRDA:74,17,0,0
BRDA:74,17,1,0
BRDA:85,18,0,0
BRDA:85,18,1,0
BRDA:85,19,0,0
BRDA:85,19,1,0
BRDA:85,20,0,0
BRDA:85,20,1,0
BRDA:85,21,0,0
BRDA:85,21,1,0
BRDA:34,22,0,0
BRDA:34,22,1,0
BRDA:34,23,0,0
BRDA:34,23,1,0
BRF:47
BRH:0
end_of_record
TN:
SF:src\modules\runtime-jobs\runtime-jobs.schemas.ts
FNF:0
FNH:0
DA:1,0
DA:3,0
DA:8,0
DA:13,0
DA:18,0
DA:23,0
DA:28,0
LF:7
LH:0
BRF:0
BRH:0
end_of_record
TN:
SF:src\modules\runtime-jobs\runtime-jobs.service.ts
FN:27,actorId
FN:31,registeredEventCodesOrSentinel
FN:32,(anonymous_6)
FN:82,(anonymous_7)
FN:96,(anonymous_8)
FN:154,(anonymous_9)
FN:157,(anonymous_10)
FN:185,(anonymous_11)
FN:230,(anonymous_12)
FN:233,(anonymous_13)
FN:244,(anonymous_14)
FN:247,(anonymous_15)
FN:261,(anonymous_16)
FN:264,(anonymous_17)
FN:288,(anonymous_18)
FN:305,(anonymous_19)
FN:308,(anonymous_20)
FN:325,(anonymous_21)
FN:345,(anonymous_22)
FNF:19
FNH:0
FNDA:0,actorId
FNDA:0,registeredEventCodesOrSentinel
FNDA:0,(anonymous_6)
FNDA:0,(anonymous_7)
FNDA:0,(anonymous_8)
FNDA:0,(anonymous_9)
FNDA:0,(anonymous_10)
FNDA:0,(anonymous_11)
FNDA:0,(anonymous_12)
FNDA:0,(anonymous_13)
FNDA:0,(anonymous_14)
FNDA:0,(anonymous_15)
FNDA:0,(anonymous_16)
FNDA:0,(anonymous_17)
FNDA:0,(anonymous_18)
FNDA:0,(anonymous_19)
FNDA:0,(anonymous_20)
FNDA:0,(anonymous_21)
FNDA:0,(anonymous_22)
DA:1,0
DA:2,0
DA:3,0
DA:4,0
DA:6,0
DA:17,0
DA:18,0
DA:28,0
DA:32,0
DA:35,0
DA:63,0
DA:79,0
DA:80,0
DA:83,0
DA:84,0
DA:85,0
DA:86,0
DA:87,0
DA:88,0
DA:89,0
DA:90,0
DA:91,0
DA:92,0
DA:93,0
DA:97,0
DA:98,0
DA:99,0
DA:102,0
DA:103,0
DA:104,0
DA:105,0
DA:108,0
DA:109,0
DA:110,0
DA:111,0
DA:112,0
DA:114,0
DA:125,0
DA:128,0
DA:129,0
DA:130,0
DA:131,0
DA:136,0
DA:137,0
DA:155,0
DA:158,0
DA:160,0
DA:163,0
DA:171,0
DA:174,0
DA:175,0
DA:184,0
DA:185,0
DA:186,0
DA:212,0
DA:215,0
DA:219,0
DA:231,0
DA:234,0
DA:245,0
DA:248,0
DA:249,0
DA:250,0
DA:251,0
DA:252,0
DA:253,0
DA:254,0
DA:256,0
DA:262,0
DA:265,0
DA:266,0
DA:267,0
DA:269,0
DA:270,0
DA:272,0
DA:273,0
DA:274,0
DA:276,0
DA:277,0
DA:278,0
DA:279,0
DA:280,0
DA:284,0
DA:288,0
DA:290,0
DA:306,0
DA:309,0
DA:310,0
DA:311,0
DA:312,0
DA:314,0
DA:315,0
DA:329,0
DA:330,0
DA:344,0
DA:345,0
DA:346,0
DA:347,0
DA:364,0
DA:366,0
DA:367,0
DA:368,0
DA:369,0
DA:370,0
DA:372,0
DA:373,0
DA:374,0
DA:375,0
DA:376,0
LF:109
LH:0
BRDA:28,0,0,0
BRDA:28,0,1,0
BRDA:28,0,2,0
BRDA:28,0,3,0
BRDA:35,1,0,0
BRDA:35,1,1,0
BRDA:98,2,0,0
BRDA:102,3,0,0
BRDA:104,4,0,0
BRDA:104,4,1,0
BRDA:108,5,0,0
BRDA:110,6,0,0
BRDA:128,7,0,0
BRDA:130,8,0,0
BRDA:130,8,1,0
BRDA:160,9,0,0
BRDA:252,10,0,0
BRDA:266,11,0,0
BRDA:273,12,0,0
BRDA:273,13,0,0
BRDA:273,13,1,0
BRDA:278,14,0,0
BRDA:278,14,1,0
BRDA:281,15,0,0
BRDA:281,15,1,0
BRDA:288,16,0,0
BRDA:288,16,1,0
BRDA:297,17,0,0
BRDA:297,17,1,0
BRDA:310,18,0,0
BRDA:351,19,0,0
BRDA:351,19,1,0
BRDA:352,20,0,0
BRDA:352,20,1,0
BRDA:374,21,0,0
BRDA:374,21,1,0
BRDA:92,22,0,0
BRDA:92,22,1,0
BRDA:92,23,0,0
BRDA:92,23,1,0
BRDA:92,24,0,0
BRDA:92,24,1,0
BRDA:92,25,0,0
BRDA:92,25,1,0
BRF:44
BRH:0
end_of_record
TN:
SF:src\modules\sessions\sessions.controller.ts
FN:31,firstHeader
FN:36,userAgentFrom
FN:45,(anonymous_6)
FN:49,(anonymous_7)
FN:73,(anonymous_8)
FN:98,(anonymous_9)
FN:122,(anonymous_10)
FN:139,(anonymous_11)
FN:142,(anonymous_12)
FNF:9
FNH:0
FNDA:0,firstHeader
FNDA:0,userAgentFrom
FNDA:0,(anonymous_6)
FNDA:0,(anonymous_7)
FNDA:0,(anonymous_8)
FNDA:0,(anonymous_9)
FNDA:0,(anonymous_10)
FNDA:0,(anonymous_11)
FNDA:0,(anonymous_12)
DA:1,0
DA:2,0
DA:3,0
DA:4,0
DA:5,0
DA:6,0
DA:7,0
DA:8,0
DA:9,0
DA:10,0
DA:11,0
DA:32,0
DA:33,0
DA:37,0
DA:44,0
DA:45,0
DA:49,0
DA:57,0
DA:58,0
DA:73,0
DA:81,0
DA:82,0
DA:98,0
DA:106,0
DA:107,0
DA:122,0
DA:127,0
DA:138,0
DA:139,0
DA:142,0
DA:147,0
LF:31
LH:0
BRDA:32,0,0,0
BRDA:32,1,0,0
BRDA:32,1,1,0
BRDA:33,2,0,0
BRDA:33,2,1,0
BRDA:57,3,0,0
BRDA:63,4,0,0
BRDA:63,4,1,0
BRDA:64,5,0,0
BRDA:64,5,1,0
BRDA:81,6,0,0
BRDA:88,7,0,0
BRDA:88,7,1,0
BRDA:89,8,0,0
BRDA:89,8,1,0
BRDA:106,9,0,0
BRDA:113,10,0,0
BRDA:113,10,1,0
BRDA:114,11,0,0
BRDA:114,11,1,0
BRDA:128,12,0,0
BRDA:128,12,1,0
BRDA:52,13,0,0
BRDA:52,13,1,0
BRDA:52,14,0,0
BRDA:52,14,1,0
BRDA:52,15,0,0
BRDA:52,15,1,0
BRDA:52,16,0,0
BRDA:52,16,1,0
BRDA:53,17,0,0
BRDA:53,17,1,0
BRDA:53,18,0,0
BRDA:53,18,1,0
BRDA:76,19,0,0
BRDA:76,19,1,0
BRDA:76,20,0,0
BRDA:76,20,1,0
BRDA:76,21,0,0
BRDA:76,21,1,0
BRDA:76,22,0,0
BRDA:76,22,1,0
BRDA:77,23,0,0
BRDA:77,23,1,0
BRDA:77,24,0,0
BRDA:77,24,1,0
BRDA:101,25,0,0
BRDA:101,25,1,0
BRDA:101,26,0,0
BRDA:101,26,1,0
BRDA:101,27,0,0
BRDA:101,27,1,0
BRDA:101,28,0,0
BRDA:101,28,1,0
BRDA:102,29,0,0
BRDA:102,29,1,0
BRDA:102,30,0,0
BRDA:102,30,1,0
BRDA:124,31,0,0
BRDA:124,31,1,0
BRDA:124,32,0,0
BRDA:124,32,1,0
BRDA:124,33,0,0
BRDA:124,33,1,0
BRDA:124,34,0,0
BRDA:124,34,1,0
BRDA:45,35,0,0
BRDA:45,35,1,0
BRDA:45,36,0,0
BRDA:45,36,1,0
BRDA:148,37,0,0
BRDA:148,37,1,0
BRDA:144,38,0,0
BRDA:144,38,1,0
BRDA:144,39,0,0
BRDA:144,39,1,0
BRDA:144,40,0,0
BRDA:144,40,1,0
BRDA:144,41,0,0
BRDA:144,41,1,0
BRDA:139,42,0,0
BRDA:139,42,1,0
BRDA:139,43,0,0
BRDA:139,43,1,0
BRF:84
BRH:0
end_of_record
TN:
SF:src\modules\sessions\sessions.mapper.ts
FN:4,toStartSessionResponse
FNF:1
FNH:0
FNDA:0,toStartSessionResponse
DA:4,0
DA:12,0
LF:2
LH:0
BRDA:16,0,0,0
BRDA:16,0,1,0
BRDA:20,1,0,0
BRDA:20,1,1,0
BRF:4
BRH:0
end_of_record
TN:
SF:src\modules\sessions\sessions.repository.ts
FN:38,(anonymous_4)
FN:60,(anonymous_5)
FN:71,(anonymous_6)
FN:87,(anonymous_7)
FN:94,(anonymous_8)
FN:106,(anonymous_9)
FN:113,(anonymous_10)
FN:141,(anonymous_11)
FN:148,(anonymous_12)
FN:155,(anonymous_13)
FN:176,(anonymous_14)
FN:186,(anonymous_15)
FN:225,(anonymous_16)
FN:237,(anonymous_17)
FN:241,(anonymous_18)
FN:251,(anonymous_19)
FN:257,(anonymous_20)
FN:296,(anonymous_21)
FN:324,(anonymous_22)
FN:357,(anonymous_23)
FN:385,(anonymous_24)
FN:416,(anonymous_25)
FN:454,(anonymous_26)
FN:492,(anonymous_27)
FN:519,(anonymous_28)
FN:548,(anonymous_29)
FN:589,(anonymous_30)
FN:600,(anonymous_31)
FN:628,(anonymous_32)
FN:682,(anonymous_33)
FN:716,(anonymous_34)
FN:728,(anonymous_35)
FN:738,(anonymous_36)
FN:748,(anonymous_37)
FN:759,(anonymous_38)
FN:770,(anonymous_39)
FN:781,(anonymous_40)
FN:792,(anonymous_41)
FN:803,(anonymous_42)
FN:814,(anonymous_43)
FN:825,(anonymous_44)
FN:836,(anonymous_45)
FN:847,(anonymous_46)
FNF:43
FNH:0
FNDA:0,(anonymous_4)
FNDA:0,(anonymous_5)
FNDA:0,(anonymous_6)
FNDA:0,(anonymous_7)
FNDA:0,(anonymous_8)
FNDA:0,(anonymous_9)
FNDA:0,(anonymous_10)
FNDA:0,(anonymous_11)
FNDA:0,(anonymous_12)
FNDA:0,(anonymous_13)
FNDA:0,(anonymous_14)
FNDA:0,(anonymous_15)
FNDA:0,(anonymous_16)
FNDA:0,(anonymous_17)
FNDA:0,(anonymous_18)
FNDA:0,(anonymous_19)
FNDA:0,(anonymous_20)
FNDA:0,(anonymous_21)
FNDA:0,(anonymous_22)
FNDA:0,(anonymous_23)
FNDA:0,(anonymous_24)
FNDA:0,(anonymous_25)
FNDA:0,(anonymous_26)
FNDA:0,(anonymous_27)
FNDA:0,(anonymous_28)
FNDA:0,(anonymous_29)
FNDA:0,(anonymous_30)
FNDA:0,(anonymous_31)
FNDA:0,(anonymous_32)
FNDA:0,(anonymous_33)
FNDA:0,(anonymous_34)
FNDA:0,(anonymous_35)
FNDA:0,(anonymous_36)
FNDA:0,(anonymous_37)
FNDA:0,(anonymous_38)
FNDA:0,(anonymous_39)
FNDA:0,(anonymous_40)
FNDA:0,(anonymous_41)
FNDA:0,(anonymous_42)
FNDA:0,(anonymous_43)
FNDA:0,(anonymous_44)
FNDA:0,(anonymous_45)
FNDA:0,(anonymous_46)
DA:1,1
DA:2,1
DA:3,1
DA:4,1
DA:25,1
DA:37,1
DA:39,0
DA:40,0
DA:41,0
DA:42,0
DA:43,0
DA:44,0
DA:45,0
DA:46,0
DA:47,0
DA:48,0
DA:49,0
DA:50,0
DA:51,0
DA:52,0
DA:53,0
DA:54,0
DA:55,0
DA:56,0
DA:57,0
DA:65,0
DA:72,0
DA:88,0
DA:89,0
DA:90,0
DA:91,0
DA:100,0
DA:107,0
DA:123,0
DA:142,0
DA:143,0
DA:144,0
DA:145,0
DA:149,0
DA:156,0
DA:177,0
DA:178,0
DA:179,0
DA:181,0
DA:182,0
DA:183,0
DA:203,0
DA:231,0
DA:238,0
DA:242,0
DA:252,0
DA:253,0
DA:254,0
DA:275,0
DA:297,0
DA:306,0
DA:308,0
DA:309,0
DA:312,0
DA:321,0
DA:338,0
DA:369,0
DA:399,0
DA:433,0
DA:469,0
DA:503,0
DA:532,0
DA:562,0
DA:590,0
DA:611,0
DA:638,0
DA:643,0
DA:644,0
DA:669,0
DA:672,0
DA:673,0
DA:674,0
DA:675,0
DA:677,0
DA:678,0
DA:679,0
DA:697,0
DA:717,0
DA:729,0
DA:739,0
DA:749,0
DA:760,0
DA:771,0
DA:782,0
DA:793,0
DA:804,0
DA:815,0
DA:826,0
DA:837,0
DA:848,0
LF:95
LH:6
BRDA:89,0,0,0
BRDA:89,0,1,0
BRDA:106,1,0,0
BRDA:143,2,0,0
BRDA:143,2,1,0
BRDA:178,3,0,0
BRDA:229,4,0,0
BRDA:296,5,0,0
BRDA:306,6,0,0
BRDA:308,7,0,0
BRDA:321,8,0,0
BRDA:321,8,1,0
BRDA:589,9,0,0
BRDA:643,10,0,0
BRDA:652,11,0,0
BRDA:652,11,1,0
BRDA:674,12,0,0
BRDA:675,13,0,0
BRDA:675,13,1,0
BRDA:748,14,0,0
BRDA:759,15,0,0
BRDA:770,16,0,0
BRDA:781,17,0,0
BRDA:792,18,0,0
BRDA:803,19,0,0
BRDA:814,20,0,0
BRDA:825,21,0,0
BRDA:836,22,0,0
BRDA:847,23,0,0
BRF:29
BRH:0
end_of_record
TN:
SF:src\modules\sessions\sessions.schemas.ts
FNF:0
FNH:0
DA:1,0
DA:3,0
DA:5,0
DA:7,0
DA:20,0
DA:29,0
DA:37,0
DA:51,0
DA:62,0
DA:68,0
DA:75,0
DA:81,0
DA:102,0
DA:116,0
LF:14
LH:0
BRF:0
BRH:0
end_of_record
TN:
SF:src\modules\sessions\sessions.service.ts
FN:29,assertInternalAccess
FN:35,decimal
FN:40,toDate
FN:44,hasLocationPermission
FN:51,(anonymous_8)
FN:54,riskFlagsFromSnapshot
FN:74,(anonymous_10)
FN:80,(anonymous_11)
FN:94,(anonymous_12)
FN:348,(anonymous_13)
FN:362,(anonymous_14)
FN:555,(anonymous_15)
FN:566,(anonymous_16)
FN:634,(anonymous_17)
FN:683,(anonymous_18)
FN:740,(anonymous_19)
FN:746,(anonymous_20)
FN:754,(anonymous_21)
FN:760,(anonymous_22)
FN:766,(anonymous_23)
FN:776,(anonymous_24)
FN:784,(anonymous_25)
FN:790,(anonymous_26)
FN:796,(anonymous_27)
FN:802,(anonymous_28)
FN:811,(anonymous_29)
FNF:26
FNH:0
FNDA:0,assertInternalAccess
FNDA:0,decimal
FNDA:0,toDate
FNDA:0,hasLocationPermission
FNDA:0,(anonymous_8)
FNDA:0,riskFlagsFromSnapshot
FNDA:0,(anonymous_10)
FNDA:0,(anonymous_11)
FNDA:0,(anonymous_12)
FNDA:0,(anonymous_13)
FNDA:0,(anonymous_14)
FNDA:0,(anonymous_15)
FNDA:0,(anonymous_16)
FNDA:0,(anonymous_17)
FNDA:0,(anonymous_18)
FNDA:0,(anonymous_19)
FNDA:0,(anonymous_20)
FNDA:0,(anonymous_21)
FNDA:0,(anonymous_22)
FNDA:0,(anonymous_23)
FNDA:0,(anonymous_24)
FNDA:0,(anonymous_25)
FNDA:0,(anonymous_26)
FNDA:0,(anonymous_27)
FNDA:0,(anonymous_28)
FNDA:0,(anonymous_29)
DA:1,0
DA:2,0
DA:4,0
DA:6,0
DA:7,0
DA:8,0
DA:10,0
DA:12,0
DA:14,0
DA:30,0
DA:31,0
DA:36,0
DA:37,0
DA:41,0
DA:49,0
DA:50,0
DA:51,0
DA:58,0
DA:59,0
DA:60,0
DA:61,0
DA:63,0
DA:64,0
DA:66,0
DA:67,0
DA:69,0
DA:73,0
DA:75,0
DA:76,0
DA:77,0
DA:81,0
DA:82,0
DA:84,0
DA:85,0
DA:86,0
DA:88,0
DA:89,0
DA:91,0
DA:94,0
DA:95,0
DA:101,0
DA:110,0
DA:112,0
DA:119,0
DA:130,0
DA:132,0
DA:139,0
DA:145,0
DA:162,0
DA:164,0
DA:165,0
DA:185,0
DA:186,0
DA:187,0
DA:201,0
DA:211,0
DA:212,0
DA:229,0
DA:230,0
DA:249,0
DA:250,0
DA:263,0
DA:277,0
DA:290,0
DA:304,0
DA:305,0
DA:317,0
DA:321,0
DA:337,0
DA:355,0
DA:356,0
DA:358,0
DA:359,0
DA:361,0
DA:362,0
DA:363,0
DA:366,0
DA:367,0
DA:368,0
DA:369,0
DA:371,0
DA:372,0
DA:373,0
DA:376,0
DA:378,0
DA:379,0
DA:381,0
DA:382,0
DA:383,0
DA:397,0
DA:398,0
DA:418,0
DA:428,0
DA:429,0
DA:446,0
DA:447,0
DA:466,0
DA:467,0
DA:468,0
DA:469,0
DA:482,0
DA:495,0
DA:513,0
DA:523,0
DA:544,0
DA:562,0
DA:563,0
DA:565,0
DA:566,0
DA:567,0
DA:570,0
DA:571,0
DA:572,0
DA:573,0
DA:575,0
DA:576,0
DA:577,0
DA:591,0
DA:604,0
DA:605,0
DA:610,0
DA:626,0
DA:635,0
DA:636,0
DA:637,0
DA:638,0
DA:639,0
DA:640,0
DA:647,0
DA:648,0
DA:649,0
DA:650,0
DA:651,0
DA:653,0
DA:684,0
DA:685,0
DA:686,0
DA:688,0
DA:689,0
DA:690,0
DA:691,0
DA:703,0
DA:716,0
DA:740,0
DA:746,0
DA:754,0
DA:760,0
DA:766,0
DA:776,0
DA:784,0
DA:790,0
DA:796,0
DA:802,0
DA:820,0
DA:821,0
DA:823,0
DA:824,0
DA:827,0
DA:830,0
DA:831,0
DA:846,0
LF:161
LH:0
BRDA:30,0,0,0
BRDA:36,1,0,0
BRDA:41,2,0,0
BRDA:41,2,1,0
BRDA:49,3,0,0
BRDA:50,4,0,0
BRDA:50,4,1,0
BRDA:50,4,2,0
BRDA:51,5,0,0
BRDA:51,5,1,0
BRDA:58,6,0,0
BRDA:60,7,0,0
BRDA:63,8,0,0
BRDA:66,9,0,0
BRDA:81,10,0,0
BRDA:85,11,0,0
BRDA:86,12,0,0
BRDA:89,13,0,0
BRDA:89,13,1,0
BRDA:91,14,0,0
BRDA:91,14,1,0
BRDA:101,15,0,0
BRDA:101,15,1,0
BRDA:110,16,0,0
BRDA:119,17,0,0
BRDA:119,17,1,0
BRDA:130,18,0,0
BRDA:139,19,0,0
BRDA:139,19,1,0
BRDA:154,20,0,0
BRDA:154,20,1,0
BRDA:155,21,0,0
BRDA:155,21,1,0
BRDA:156,22,0,0
BRDA:156,22,1,0
BRDA:157,23,0,0
BRDA:157,23,1,0
BRDA:164,24,0,0
BRDA:171,25,0,0
BRDA:171,25,1,0
BRDA:172,26,0,0
BRDA:172,26,1,0
BRDA:173,27,0,0
BRDA:173,27,1,0
BRDA:174,28,0,0
BRDA:174,28,1,0
BRDA:175,29,0,0
BRDA:175,29,1,0
BRDA:176,30,0,0
BRDA:176,30,1,0
BRDA:177,31,0,0
BRDA:177,31,1,0
BRDA:178,32,0,0
BRDA:178,32,1,0
BRDA:192,33,0,0
BRDA:192,33,1,0
BRDA:211,34,0,0
BRDA:218,35,0,0
BRDA:218,35,1,0
BRDA:219,36,0,0
BRDA:219,36,1,0
BRDA:220,37,0,0
BRDA:220,37,1,0
BRDA:221,38,0,0
BRDA:221,38,1,0
BRDA:222,39,0,0
BRDA:222,39,1,0
BRDA:229,40,0,0
BRDA:237,41,0,0
BRDA:237,41,1,0
BRDA:238,42,0,0
BRDA:238,42,1,0
BRDA:239,43,0,0
BRDA:239,43,1,0
BRDA:240,44,0,0
BRDA:240,44,1,0
BRDA:241,45,0,0
BRDA:241,45,1,0
BRDA:285,46,0,0
BRDA:285,46,1,0
BRDA:296,47,0,0
BRDA:296,47,1,0
BRDA:304,48,0,0
BRDA:325,49,0,0
BRDA:325,49,1,0
BRDA:330,50,0,0
BRDA:330,50,1,0
BRDA:343,51,0,0
BRDA:343,51,1,0
BRDA:355,52,0,0
BRDA:359,53,0,0
BRDA:366,54,0,0
BRDA:367,55,0,0
BRDA:368,56,0,0
BRDA:368,57,0,0
BRDA:368,57,1,0
BRDA:372,58,0,0
BRDA:376,59,0,0
BRDA:376,60,0,0
BRDA:376,60,1,0
BRDA:379,61,0,0
BRDA:388,62,0,0
BRDA:388,62,1,0
BRDA:397,63,0,0
BRDA:404,64,0,0
BRDA:404,64,1,0
BRDA:405,65,0,0
BRDA:405,65,1,0
BRDA:406,66,0,0
BRDA:406,66,1,0
BRDA:407,67,0,0
BRDA:407,67,1,0
BRDA:408,68,0,0
BRDA:408,68,1,0
BRDA:409,69,0,0
BRDA:409,69,1,0
BRDA:410,70,0,0
BRDA:410,70,1,0
BRDA:411,71,0,0
BRDA:411,71,1,0
BRDA:423,72,0,0
BRDA:423,72,1,0
BRDA:428,73,0,0
BRDA:435,74,0,0
BRDA:435,74,1,0
BRDA:436,75,0,0
BRDA:436,75,1,0
BRDA:437,76,0,0
BRDA:437,76,1,0
BRDA:438,77,0,0
BRDA:438,77,1,0
BRDA:439,78,0,0
BRDA:439,78,1,0
BRDA:446,79,0,0
BRDA:454,80,0,0
BRDA:454,80,1,0
BRDA:455,81,0,0
BRDA:455,81,1,0
BRDA:456,82,0,0
BRDA:456,82,1,0
BRDA:457,83,0,0
BRDA:457,83,1,0
BRDA:458,84,0,0
BRDA:458,84,1,0
BRDA:501,85,0,0
BRDA:501,85,1,0
BRDA:527,86,0,0
BRDA:527,86,1,0
BRDA:562,87,0,0
BRDA:570,88,0,0
BRDA:571,89,0,0
BRDA:572,90,0,0
BRDA:572,91,0,0
BRDA:572,91,1,0
BRDA:572,91,2,0
BRDA:575,92,0,0
BRDA:575,92,1,0
BRDA:575,93,0,0
BRDA:575,93,1,0
BRDA:604,94,0,0
BRDA:614,95,0,0
BRDA:614,95,1,0
BRDA:628,96,0,0
BRDA:628,96,1,0
BRDA:637,97,0,0
BRDA:639,98,0,0
BRDA:647,99,0,0
BRDA:647,99,1,0
BRDA:648,100,0,0
BRDA:648,100,1,0
BRDA:649,101,0,0
BRDA:649,101,1,0
BRDA:657,102,0,0
BRDA:657,102,1,0
BRDA:658,103,0,0
BRDA:658,103,1,0
BRDA:660,104,0,0
BRDA:660,104,1,0
BRDA:663,105,0,0
BRDA:663,105,1,0
BRDA:664,106,0,0
BRDA:664,106,1,0
BRDA:665,107,0,0
BRDA:665,107,1,0
BRDA:667,108,0,0
BRDA:667,108,1,0
BRDA:677,109,0,0
BRDA:677,109,1,0
BRDA:678,110,0,0
BRDA:678,110,1,0
BRDA:686,111,0,0
BRDA:688,112,0,0
BRDA:688,112,1,0
BRDA:689,113,0,0
BRDA:689,113,1,0
BRDA:690,114,0,0
BRDA:690,114,1,0
BRDA:691,115,0,0
BRDA:691,115,1,0
BRDA:710,116,0,0
BRDA:710,116,1,0
BRDA:724,117,0,0
BRDA:724,117,1,0
BRDA:725,118,0,0
BRDA:725,118,1,0
BRDA:729,119,0,0
BRDA:729,119,1,0
BRDA:732,120,0,0
BRDA:732,120,1,0
BRDA:736,121,0,0
BRDA:736,121,1,0
BRDA:737,122,0,0
BRDA:737,122,1,0
BRDA:742,123,0,0
BRDA:742,123,1,0
BRDA:744,124,0,0
BRDA:744,124,1,0
BRDA:748,125,0,0
BRDA:748,125,1,0
BRDA:758,126,0,0
BRDA:758,126,1,0
BRDA:764,127,0,0
BRDA:764,127,1,0
BRDA:774,128,0,0
BRDA:774,128,1,0
BRDA:782,129,0,0
BRDA:782,129,1,0
BRDA:788,130,0,0
BRDA:788,130,1,0
BRDA:794,131,0,0
BRDA:794,131,1,0
BRDA:800,132,0,0
BRDA:800,132,1,0
BRDA:806,133,0,0
BRDA:806,133,1,0
BRDA:820,134,0,0
BRDA:823,135,0,0
BRDA:838,136,0,0
BRDA:838,136,1,0
BRDA:839,137,0,0
BRDA:839,137,1,0
BRDA:75,138,0,0
BRDA:75,138,1,0
BRDA:75,139,0,0
BRDA:75,139,1,0
BRDA:75,140,0,0
BRDA:75,140,1,0
BRDA:75,141,0,0
BRDA:75,141,1,0
BRDA:76,142,0,0
BRDA:76,142,1,0
BRDA:76,143,0,0
BRDA:76,143,1,0
BRF:253
BRH:0
end_of_record
